#! /usr/bin/vvp
:ivl_version "0.9.7 " "(v0_9_7)";
:vpi_time_precision - 11;
:vpi_module "system";
:vpi_module "v2005_math";
:vpi_module "va_math";
S_0x9e7e50 .scope module, "procesador_tb" "procesador_tb" 2 8;
 .timescale -9 -11;
v0xa57550_0 .var "clkt", 0 0;
v0xa57740_0 .var "datos_inAt", 7 0;
v0xa577c0_0 .var "datos_inBt", 7 0;
v0xa57840_0 .var "datos_inCt", 7 0;
v0xa578c0_0 .var "datos_inDt", 7 0;
v0xa57940_0 .var "resett", 0 0;
S_0xa24fc0 .scope module, "proc" "procesador" 2 17, 3 2, S_0x9e7e50;
 .timescale -9 -11;
v0xa56880_0 .net "clk", 0 0, v0xa57550_0; 1 drivers
v0xa56900_0 .net "datos_inA", 7 0, v0xa57740_0; 1 drivers
v0xa569d0_0 .net "datos_inB", 7 0, v0xa577c0_0; 1 drivers
v0xa56aa0_0 .net "datos_inC", 7 0, v0xa57840_0; 1 drivers
v0xa56b70_0 .net "datos_inD", 7 0, v0xa578c0_0; 1 drivers
v0xa56c40_0 .net "fin", 0 0, v0xa4f450_0; 1 drivers
v0xa56cc0_0 .net "op", 2 0, v0xa4f4f0_0; 1 drivers
v0xa56dd0_0 .net "opcode", 5 0, L_0xa59640; 1 drivers
v0xa56ea0_0 .net "reset", 0 0, v0xa57940_0; 1 drivers
v0xa56f20_0 .net "s_e", 1 0, v0xa4f6e0_0; 1 drivers
v0xa56fa0_0 .net "s_inc", 0 0, v0xa4f7c0_0; 1 drivers
v0xa57020_0 .net "s_inm", 0 0, v0xa4f860_0; 1 drivers
v0xa570a0_0 .net "s_mux5", 0 0, v0xa4f950_0; 1 drivers
v0xa57120_0 .net "s_r", 0 0, v0xa4f9f0_0; 1 drivers
v0xa57220_0 .net "s_rel", 0 0, v0xa4faf0_0; 1 drivers
v0xa572a0_0 .net "we3", 0 0, v0xa4fb90_0; 1 drivers
v0xa571a0_0 .net "we3t", 0 0, C4<z>; 0 drivers
v0xa573b0_0 .net "we_s_r_1", 0 0, v0xa4fca0_0; 1 drivers
v0xa57320_0 .net "we_s_r_2", 0 0, v0xa4fd40_0; 1 drivers
v0xa574d0_0 .net "we_s_r_3", 0 0, v0xa4fe60_0; 1 drivers
v0xa57430_0 .net "we_s_r_4", 0 0, v0xa4ff00_0; 1 drivers
v0xa57600_0 .net "z", 0 0, L_0xa55990; 1 drivers
S_0xa50050 .scope module, "micro" "microc" 3 28, 4 1, S_0xa24fc0;
 .timescale -9 -11;
L_0xa55990 .functor BUFZ 1, v0xa522b0_0, C4<0>, C4<0>, C4<0>;
v0xa54b10_0 .net "alusal", 7 0, v0xa52b60_0; 1 drivers
v0xa54be0_0 .alias "clk", 0 0, v0xa56880_0;
v0xa54c60_0 .net "datos", 15 0, L_0xa4fa70; 1 drivers
v0xa54ce0_0 .alias "datos_inA", 7 0, v0xa56900_0;
v0xa54dc0_0 .alias "datos_inB", 7 0, v0xa569d0_0;
v0xa54e70_0 .alias "datos_inC", 7 0, v0xa56aa0_0;
v0xa54f30_0 .alias "datos_inD", 7 0, v0xa56b70_0;
v0xa54fe0_0 .net "datos_outA", 7 0, v0xa51eb0_0; 1 drivers
v0xa550e0_0 .net "datos_outB", 7 0, v0xa51a40_0; 1 drivers
v0xa55190_0 .net "datos_outC", 7 0, v0xa51750_0; 1 drivers
v0xa55240_0 .net "datos_outD", 7 0, v0xa513b0_0; 1 drivers
v0xa552f0_0 .net "dir", 9 0, v0xa54530_0; 1 drivers
v0xa55370_0 .net "mux1", 9 0, L_0xa57c20; 1 drivers
v0xa553f0_0 .alias "op", 2 0, v0xa56cc0_0;
v0xa554f0_0 .alias "opcode", 5 0, v0xa56dd0_0;
v0xa55570_0 .net "rd1", 7 0, L_0xa58150; 1 drivers
v0xa55470_0 .net "rd2", 7 0, L_0xa58740; 1 drivers
v0xa556d0_0 .alias "reset", 0 0, v0xa56ea0_0;
v0xa557f0_0 .alias "s_e", 1 0, v0xa56f20_0;
v0xa558c0_0 .alias "s_inc", 0 0, v0xa56fa0_0;
v0xa559f0_0 .alias "s_inm", 0 0, v0xa57020_0;
v0xa55a70_0 .alias "s_mux5", 0 0, v0xa570a0_0;
v0xa55bb0_0 .alias "s_r", 0 0, v0xa57120_0;
v0xa55c30_0 .alias "s_rel", 0 0, v0xa57220_0;
v0xa55d80_0 .net "sal_mux3", 7 0, L_0xa58ef0; 1 drivers
v0xa55e00_0 .net "sal_mux4", 7 0, v0xa508c0_0; 1 drivers
v0xa55cb0_0 .net "sal_mux5", 7 0, L_0xa590c0; 1 drivers
v0xa55f60_0 .net "sal_mux6", 9 0, L_0xa59430; 1 drivers
v0xa55ed0_0 .net "sumsal", 9 0, L_0xa57b80; 1 drivers
v0xa56120_0 .net "wd3", 7 0, L_0xa58dc0; 1 drivers
v0xa56030_0 .alias "we3", 0 0, v0xa571a0_0;
v0xa562a0_0 .alias "we_s_r_1", 0 0, v0xa573b0_0;
v0xa561f0_0 .alias "we_s_r_2", 0 0, v0xa57320_0;
v0xa56480_0 .alias "we_s_r_3", 0 0, v0xa574d0_0;
v0xa56370_0 .alias "we_s_r_4", 0 0, v0xa57430_0;
v0xa56670_0 .alias "z", 0 0, v0xa57600_0;
v0xa56500_0 .net "z_out", 0 0, v0xa522b0_0; 1 drivers
v0xa56580_0 .net "z_z", 0 0, L_0xa58d60; 1 drivers
L_0xa57de0 .part L_0xa4fa70, 6, 10;
L_0xa58960 .part L_0xa4fa70, 4, 4;
L_0xa58a90 .part L_0xa4fa70, 8, 4;
L_0xa58b30 .part L_0xa4fa70, 12, 4;
L_0xa59020 .part L_0xa4fa70, 8, 8;
L_0xa59280 .part L_0xa4fa70, 4, 8;
L_0xa59560 .part L_0xa4fa70, 6, 10;
L_0xa59640 .part L_0xa4fa70, 0, 6;
S_0xa546c0 .scope module, "memo" "memprog" 4 40, 5 3, S_0xa50050;
 .timescale -9 -11;
L_0xa4fa70 .functor BUFZ 16, L_0xa57a50, C4<0000000000000000>, C4<0000000000000000>, C4<0000000000000000>;
v0xa547b0_0 .net *"_s0", 15 0, L_0xa57a50; 1 drivers
v0xa54830_0 .alias "a", 9 0, v0xa552f0_0;
v0xa54900_0 .alias "clk", 0 0, v0xa56880_0;
v0xa51d10 .array "mem", 1023 0, 15 0;
v0xa54a90_0 .alias "rd", 15 0, v0xa54c60_0;
L_0xa57a50 .array/port v0xa51d10, v0xa54530_0;
S_0xa54220 .scope module, "PC" "registro" 4 41, 6 42, S_0xa50050;
 .timescale -9 -11;
P_0xa54318 .param/l "WIDTH" 6 42, +C4<01010>;
v0xa543e0_0 .alias "clk", 0 0, v0xa56880_0;
v0xa54480_0 .alias "d", 9 0, v0xa55370_0;
v0xa54530_0 .var "q", 9 0;
v0xa545e0_0 .alias "reset", 0 0, v0xa56ea0_0;
E_0xa54390 .event posedge, v0xa4f640_0, v0xa1a760_0;
S_0xa53f30 .scope module, "suma" "sum" 4 42, 6 33, S_0xa50050;
 .timescale -9 -11;
v0xa54020_0 .alias "a", 9 0, v0xa552f0_0;
v0xa540c0_0 .alias "b", 9 0, v0xa55f60_0;
v0xa54170_0 .alias "y", 9 0, v0xa55ed0_0;
L_0xa57b80 .arith/sum 10, v0xa54530_0, L_0xa59430;
S_0xa53b40 .scope module, "muxizq" "mux1" 4 43, 6 68, S_0xa50050;
 .timescale -9 -11;
P_0xa53188 .param/l "WIDTH" 6 68, +C4<01010>;
v0xa53c90_0 .net "d0", 9 0, L_0xa57de0; 1 drivers
v0xa53d30_0 .alias "d1", 9 0, v0xa55ed0_0;
v0xa53dd0_0 .alias "s", 0 0, v0xa56fa0_0;
v0xa53e80_0 .alias "y", 9 0, v0xa55370_0;
L_0xa57c20 .functor MUXZ 10, L_0xa57de0, L_0xa57b80, v0xa4f7c0_0, C4<>;
S_0xa52d20 .scope module, "banco" "regfile" 4 44, 6 5, S_0xa50050;
 .timescale -9 -11;
v0xa52e10_0 .net *"_s0", 4 0, L_0xa57e80; 1 drivers
v0xa52e90_0 .net *"_s10", 7 0, C4<00000000>; 1 drivers
v0xa52f10_0 .net *"_s14", 4 0, L_0xa582e0; 1 drivers
v0xa52fb0_0 .net *"_s17", 0 0, C4<0>; 1 drivers
v0xa53060_0 .net *"_s18", 4 0, C4<00000>; 1 drivers
v0xa53100_0 .net *"_s20", 0 0, L_0xa58450; 1 drivers
v0xa531e0_0 .net *"_s22", 7 0, L_0xa585d0; 1 drivers
v0xa53280_0 .net *"_s24", 7 0, C4<00000000>; 1 drivers
v0xa53320_0 .net *"_s3", 0 0, C4<0>; 1 drivers
v0xa533c0_0 .net *"_s4", 4 0, C4<00000>; 1 drivers
v0xa53460_0 .net *"_s6", 0 0, L_0xa57f20; 1 drivers
v0xa53500_0 .net *"_s8", 7 0, L_0xa58060; 1 drivers
v0xa535a0_0 .alias "clk", 0 0, v0xa56880_0;
v0xa53620_0 .net "ra1", 3 0, L_0xa58960; 1 drivers
v0xa53740_0 .net "ra2", 3 0, L_0xa58a90; 1 drivers
v0xa537e0_0 .alias "rd1", 7 0, v0xa55570_0;
v0xa536a0_0 .alias "rd2", 7 0, v0xa55470_0;
v0xa538f0 .array "regb", 15 0, 7 0;
v0xa53860_0 .net "wa3", 3 0, L_0xa58b30; 1 drivers
v0xa53a10_0 .alias "wd3", 7 0, v0xa56120_0;
v0xa53970_0 .alias "we3", 0 0, v0xa571a0_0;
L_0xa57e80 .concat [ 4 1 0 0], L_0xa58960, C4<0>;
L_0xa57f20 .cmp/ne 5, L_0xa57e80, C4<00000>;
L_0xa58060 .array/port v0xa538f0, L_0xa58960;
L_0xa58150 .functor MUXZ 8, C4<00000000>, L_0xa58060, L_0xa57f20, C4<>;
L_0xa582e0 .concat [ 4 1 0 0], L_0xa58a90, C4<0>;
L_0xa58450 .cmp/ne 5, L_0xa582e0, C4<00000>;
L_0xa585d0 .array/port v0xa538f0, L_0xa58a90;
L_0xa58740 .functor MUXZ 8, C4<00000000>, L_0xa585d0, L_0xa58450, C4<>;
S_0xa52780 .scope module, "alualu" "alu" 4 45, 7 1, S_0xa50050;
 .timescale -9 -11;
L_0xa58d60 .functor NOT 1, L_0xa58c30, C4<0>, C4<0>, C4<0>;
v0xa528a0_0 .net *"_s3", 0 0, L_0xa58c30; 1 drivers
v0xa52960_0 .alias "a", 7 0, v0xa55570_0;
v0xa52a00_0 .alias "b", 7 0, v0xa55470_0;
v0xa52ab0_0 .alias "op", 2 0, v0xa56cc0_0;
v0xa52b60_0 .var "s", 7 0;
v0xa52be0_0 .alias "y", 7 0, v0xa54b10_0;
v0xa52ca0_0 .alias "zero", 0 0, v0xa56580_0;
E_0xa52870 .event edge, v0xa4f4f0_0, v0xa50ef0_0, v0xa52960_0;
L_0xa58c30 .reduce/or v0xa52b60_0;
S_0xa52360 .scope module, "muxdch" "mux2" 4 46, 6 56, S_0xa50050;
 .timescale -9 -11;
P_0xa52458 .param/l "WIDTH" 6 56, +C4<01000>;
v0xa524d0_0 .alias "d0", 7 0, v0xa54b10_0;
v0xa52570_0 .alias "d1", 7 0, v0xa55cb0_0;
v0xa52620_0 .alias "s", 0 0, v0xa57020_0;
v0xa526d0_0 .alias "y", 7 0, v0xa56120_0;
L_0xa58dc0 .functor MUXZ 8, v0xa52b60_0, L_0xa590c0, v0xa4f860_0, C4<>;
S_0xa52010 .scope module, "reg_z" "registro_z" 4 47, 6 79, S_0xa50050;
 .timescale -9 -11;
v0xa52100_0 .alias "clk", 0 0, v0xa56880_0;
v0xa52180_0 .alias "op", 2 0, v0xa56cc0_0;
v0xa52230_0 .alias "z_in", 0 0, v0xa56580_0;
v0xa522b0_0 .var "z_out", 0 0;
S_0xa51ba0 .scope module, "regA" "registro_salidaA" 4 51, 6 92, S_0xa50050;
 .timescale -9 -11;
v0xa51c90_0 .alias "clk", 0 0, v0xa56880_0;
v0xa51da0_0 .alias "datos_in", 7 0, v0xa55d80_0;
v0xa51eb0_0 .var "datos_out", 7 0;
v0xa51f30_0 .alias "we_s_r_1", 0 0, v0xa573b0_0;
S_0xa51850 .scope module, "regB" "registro_salidaB" 4 52, 6 101, S_0xa50050;
 .timescale -9 -11;
v0xa51940_0 .alias "clk", 0 0, v0xa56880_0;
v0xa519c0_0 .alias "datos_in", 7 0, v0xa55d80_0;
v0xa51a40_0 .var "datos_out", 7 0;
v0xa51ac0_0 .alias "we_s_r_2", 0 0, v0xa57320_0;
S_0xa51510 .scope module, "regC" "registro_salidaC" 4 53, 6 111, S_0xa50050;
 .timescale -9 -11;
v0xa51600_0 .alias "clk", 0 0, v0xa56880_0;
v0xa51680_0 .alias "datos_in", 7 0, v0xa55d80_0;
v0xa51750_0 .var "datos_out", 7 0;
v0xa517d0_0 .alias "we_s_r_3", 0 0, v0xa574d0_0;
S_0xa51110 .scope module, "regD" "registro_salidaD" 4 54, 6 121, S_0xa50050;
 .timescale -9 -11;
v0xa51230_0 .alias "clk", 0 0, v0xa56880_0;
v0xa51300_0 .alias "datos_in", 7 0, v0xa55d80_0;
v0xa513b0_0 .var "datos_out", 7 0;
v0xa51430_0 .alias "we_s_r_4", 0 0, v0xa57430_0;
E_0xa51200 .event posedge, v0xa1a760_0;
S_0xa50d80 .scope module, "mux_3" "mux3" 4 56, 6 131, S_0xa50050;
 .timescale -9 -11;
v0xa50e70_0 .net "datos_in_memprog", 7 0, L_0xa59020; 1 drivers
v0xa50ef0_0 .alias "datos_in_regfile", 7 0, v0xa55470_0;
v0xa50f90_0 .alias "datos_out", 7 0, v0xa55d80_0;
v0xa51030_0 .alias "s_r", 0 0, v0xa57120_0;
L_0xa58ef0 .functor MUXZ 8, L_0xa58740, L_0xa59020, v0xa4f9f0_0, C4<>;
S_0xa509e0 .scope module, "mux_5" "mux5" 4 57, 6 137, S_0xa50050;
 .timescale -9 -11;
v0xa50ad0_0 .net "datos_in_memprog", 7 0, L_0xa59280; 1 drivers
v0xa50b70_0 .alias "datos_in_mux4", 7 0, v0xa55e00_0;
v0xa50c20_0 .alias "datos_out", 7 0, v0xa55cb0_0;
v0xa50ca0_0 .alias "s_mux5", 0 0, v0xa570a0_0;
L_0xa590c0 .functor MUXZ 8, v0xa508c0_0, L_0xa59280, v0xa4f950_0, C4<>;
S_0xa504e0 .scope module, "mux_4" "mux4" 4 59, 6 144, S_0xa50050;
 .timescale -9 -11;
v0xa50630_0 .alias "datos_in_A", 7 0, v0xa56900_0;
v0xa506d0_0 .alias "datos_in_B", 7 0, v0xa569d0_0;
v0xa50770_0 .alias "datos_in_C", 7 0, v0xa56aa0_0;
v0xa50810_0 .alias "datos_in_D", 7 0, v0xa56b70_0;
v0xa508c0_0 .var "datos_out", 7 0;
v0xa50960_0 .alias "s_e", 1 0, v0xa56f20_0;
E_0xa505d0/0 .event edge, v0xa4f6e0_0, v0xa50630_0, v0xa506d0_0, v0xa50770_0;
E_0xa505d0/1 .event edge, v0xa50810_0;
E_0xa505d0 .event/or E_0xa505d0/0, E_0xa505d0/1;
S_0xa50140 .scope module, "mux_6" "mux6" 4 61, 6 162, S_0xa50050;
 .timescale -9 -11;
v0xa50230_0 .net "dato", 9 0, C4<0000000001>; 1 drivers
v0xa502f0_0 .net "datos_in", 9 0, L_0xa59560; 1 drivers
v0xa50390_0 .alias "datos_out", 9 0, v0xa55f60_0;
v0xa50430_0 .alias "s_rel", 0 0, v0xa57220_0;
L_0xa59430 .functor MUXZ 10, L_0xa59560, C4<0000000001>, v0xa4faf0_0, C4<>;
S_0xa21180 .scope module, "uc1" "uc" 3 30, 8 1, S_0xa24fc0;
 .timescale -9 -11;
v0xa1a760_0 .alias "clk", 0 0, v0xa56880_0;
v0xa4f450_0 .var "fin", 0 0;
v0xa4f4f0_0 .var "op", 2 0;
v0xa4f590_0 .alias "opcode", 5 0, v0xa56dd0_0;
v0xa4f640_0 .alias "reset", 0 0, v0xa56ea0_0;
v0xa4f6e0_0 .var "s_e", 1 0;
v0xa4f7c0_0 .var "s_inc", 0 0;
v0xa4f860_0 .var "s_inm", 0 0;
v0xa4f950_0 .var "s_mux5", 0 0;
v0xa4f9f0_0 .var "s_r", 0 0;
v0xa4faf0_0 .var "s_rel", 0 0;
v0xa4fb90_0 .var "we3", 0 0;
v0xa4fca0_0 .var "we_s_r_1", 0 0;
v0xa4fd40_0 .var "we_s_r_2", 0 0;
v0xa4fe60_0 .var "we_s_r_3", 0 0;
v0xa4ff00_0 .var "we_s_r_4", 0 0;
v0xa4fdc0_0 .alias "z", 0 0, v0xa57600_0;
E_0xa21500 .event edge, v0xa4f590_0, v0xa4fdc0_0;
    .scope S_0xa546c0;
T_0 ;
    %vpi_call 5 12 "$readmemb", "progfile.dat", v0xa51d10;
    %end;
    .thread T_0;
    .scope S_0xa54220;
T_1 ;
    %wait E_0xa54390;
    %load/v 8, v0xa545e0_0, 1;
    %jmp/0xz  T_1.0, 8;
    %ix/load 0, 10, 0;
    %assign/v0 v0xa54530_0, 0, 0;
    %jmp T_1.1;
T_1.0 ;
    %load/v 8, v0xa54480_0, 10;
    %ix/load 0, 10, 0;
    %assign/v0 v0xa54530_0, 0, 8;
T_1.1 ;
    %jmp T_1;
    .thread T_1;
    .scope S_0xa52d20;
T_2 ;
    %vpi_call 6 16 "$readmemb", "regfile.dat", v0xa538f0;
    %end;
    .thread T_2;
    .scope S_0xa52d20;
T_3 ;
    %wait E_0xa51200;
    %load/v 8, v0xa53970_0, 1;
    %jmp/0xz  T_3.0, 8;
    %load/v 8, v0xa53a10_0, 8;
    %ix/getv 3, v0xa53860_0;
    %jmp/1 t_0, 4;
    %ix/load 0, 8, 0; word width
    %ix/load 1, 0, 0; part off
    %assign/av v0xa538f0, 0, 8;
t_0 ;
T_3.0 ;
    %jmp T_3;
    .thread T_3;
    .scope S_0xa52780;
T_4 ;
    %wait E_0xa52870;
    %load/v 8, v0xa52ab0_0, 3;
    %cmpi/u 8, 0, 3;
    %jmp/1 T_4.0, 6;
    %cmpi/u 8, 1, 3;
    %jmp/1 T_4.1, 6;
    %cmpi/u 8, 2, 3;
    %jmp/1 T_4.2, 6;
    %cmpi/u 8, 3, 3;
    %jmp/1 T_4.3, 6;
    %cmpi/u 8, 4, 3;
    %jmp/1 T_4.4, 6;
    %cmpi/u 8, 5, 3;
    %jmp/1 T_4.5, 6;
    %cmpi/u 8, 6, 3;
    %jmp/1 T_4.6, 6;
    %cmpi/u 8, 7, 3;
    %jmp/1 T_4.7, 6;
    %set/v v0xa52b60_0, 2, 8;
    %jmp T_4.9;
T_4.0 ;
    %load/v 8, v0xa52960_0, 8;
    %set/v v0xa52b60_0, 8, 8;
    %jmp T_4.9;
T_4.1 ;
    %load/v 8, v0xa52960_0, 8;
    %inv 8, 8;
    %set/v v0xa52b60_0, 8, 8;
    %jmp T_4.9;
T_4.2 ;
    %load/v 8, v0xa52960_0, 8;
    %load/v 16, v0xa52a00_0, 8;
    %add 8, 16, 8;
    %set/v v0xa52b60_0, 8, 8;
    %jmp T_4.9;
T_4.3 ;
    %load/v 8, v0xa52960_0, 8;
    %load/v 16, v0xa52a00_0, 8;
    %sub 8, 16, 8;
    %set/v v0xa52b60_0, 8, 8;
    %jmp T_4.9;
T_4.4 ;
    %load/v 8, v0xa52960_0, 8;
    %load/v 16, v0xa52a00_0, 8;
    %and 8, 16, 8;
    %set/v v0xa52b60_0, 8, 8;
    %jmp T_4.9;
T_4.5 ;
    %load/v 8, v0xa52960_0, 8;
    %load/v 16, v0xa52a00_0, 8;
    %or 8, 16, 8;
    %set/v v0xa52b60_0, 8, 8;
    %jmp T_4.9;
T_4.6 ;
    %load/v 8, v0xa52960_0, 8;
    %inv 8, 8;
    %addi 8, 1, 8;
    %set/v v0xa52b60_0, 8, 8;
    %jmp T_4.9;
T_4.7 ;
    %load/v 8, v0xa52a00_0, 8;
    %inv 8, 8;
    %addi 8, 1, 8;
    %set/v v0xa52b60_0, 8, 8;
    %jmp T_4.9;
T_4.9 ;
    %jmp T_4;
    .thread T_4, $push;
    .scope S_0xa52010;
T_5 ;
    %wait E_0xa51200;
    %load/v 8, v0xa52230_0, 1;
    %ix/load 0, 1, 0;
    %assign/v0 v0xa522b0_0, 0, 8;
    %jmp T_5;
    .thread T_5;
    .scope S_0xa51ba0;
T_6 ;
    %wait E_0xa51200;
    %load/v 8, v0xa51f30_0, 1;
    %mov 9, 0, 2;
    %cmpi/u 8, 1, 3;
    %jmp/0xz  T_6.0, 4;
    %load/v 8, v0xa51da0_0, 8;
    %set/v v0xa51eb0_0, 8, 8;
T_6.0 ;
    %jmp T_6;
    .thread T_6;
    .scope S_0xa51850;
T_7 ;
    %wait E_0xa51200;
    %load/v 8, v0xa51ac0_0, 1;
    %mov 9, 0, 2;
    %cmpi/u 8, 1, 3;
    %jmp/0xz  T_7.0, 4;
    %load/v 8, v0xa519c0_0, 8;
    %set/v v0xa51a40_0, 8, 8;
T_7.0 ;
    %jmp T_7;
    .thread T_7;
    .scope S_0xa51510;
T_8 ;
    %wait E_0xa51200;
    %load/v 8, v0xa517d0_0, 1;
    %mov 9, 0, 2;
    %cmpi/u 8, 1, 3;
    %jmp/0xz  T_8.0, 4;
    %load/v 8, v0xa51680_0, 8;
    %set/v v0xa51750_0, 8, 8;
T_8.0 ;
    %jmp T_8;
    .thread T_8;
    .scope S_0xa51110;
T_9 ;
    %wait E_0xa51200;
    %load/v 8, v0xa51430_0, 1;
    %mov 9, 0, 2;
    %cmpi/u 8, 1, 3;
    %jmp/0xz  T_9.0, 4;
    %load/v 8, v0xa51300_0, 8;
    %set/v v0xa513b0_0, 8, 8;
T_9.0 ;
    %jmp T_9;
    .thread T_9;
    .scope S_0xa504e0;
T_10 ;
    %wait E_0xa505d0;
    %load/v 8, v0xa50960_0, 2;
    %cmp/x 8, 0, 2;
    %jmp/1 T_10.0, 4;
    %movi 10, 1, 2;
    %cmp/x 8, 10, 2;
    %jmp/1 T_10.1, 4;
    %movi 10, 2, 2;
    %cmp/x 8, 10, 2;
    %jmp/1 T_10.2, 4;
    %cmp/x 8, 1, 2;
    %jmp/1 T_10.3, 4;
    %jmp T_10.4;
T_10.0 ;
    %load/v 8, v0xa50630_0, 8;
    %set/v v0xa508c0_0, 8, 8;
    %jmp T_10.4;
T_10.1 ;
    %load/v 8, v0xa506d0_0, 8;
    %set/v v0xa508c0_0, 8, 8;
    %jmp T_10.4;
T_10.2 ;
    %load/v 8, v0xa50770_0, 8;
    %set/v v0xa508c0_0, 8, 8;
    %jmp T_10.4;
T_10.3 ;
    %load/v 8, v0xa50810_0, 8;
    %set/v v0xa508c0_0, 8, 8;
    %jmp T_10.4;
T_10.4 ;
    %jmp T_10;
    .thread T_10, $push;
    .scope S_0xa21180;
T_11 ;
    %wait E_0xa21500;
    %load/v 8, v0xa4f590_0, 6;
    %mov 14, 2, 3;
    %movi 17, 0, 1;
    %mov 18, 2, 2;
    %cmp/x 8, 14, 6;
    %jmp/1 T_11.0, 4;
    %movi 20, 8, 4;
    %mov 24, 2, 2;
    %cmp/x 8, 20, 6;
    %jmp/1 T_11.1, 4;
    %movi 26, 9, 6;
    %cmp/x 8, 26, 6;
    %jmp/1 T_11.2, 4;
    %movi 26, 25, 6;
    %cmp/x 8, 26, 6;
    %jmp/1 T_11.3, 4;
    %movi 26, 41, 6;
    %cmp/x 8, 26, 6;
    %jmp/1 T_11.4, 4;
    %movi 26, 57, 6;
    %cmp/x 8, 26, 6;
    %jmp/1 T_11.5, 4;
    %cmp/x 8, 1, 6;
    %jmp/1 T_11.6, 4;
    %movi 26, 10, 4;
    %mov 30, 2, 2;
    %cmp/x 8, 26, 6;
    %jmp/1 T_11.7, 4;
    %movi 32, 11, 4;
    %mov 36, 2, 2;
    %cmp/x 8, 32, 6;
    %jmp/1 T_11.8, 4;
    %movi 38, 12, 4;
    %mov 42, 2, 2;
    %cmp/x 8, 38, 6;
    %jmp/1 T_11.9, 4;
    %movi 44, 13, 4;
    %mov 48, 2, 2;
    %cmp/x 8, 44, 6;
    %jmp/1 T_11.10, 4;
    %movi 50, 14, 4;
    %mov 54, 2, 2;
    %cmp/x 8, 50, 6;
    %jmp/1 T_11.11, 4;
    %ix/load 0, 1, 0;
    %assign/v0 v0xa4f860_0, 0, 0;
    %ix/load 0, 1, 0;
    %assign/v0 v0xa4fb90_0, 0, 0;
    %ix/load 0, 1, 0;
    %assign/v0 v0xa4f7c0_0, 0, 1;
    %set/v v0xa4f4f0_0, 0, 3;
    %ix/load 0, 1, 0;
    %assign/v0 v0xa4f450_0, 0, 0;
    %ix/load 0, 1, 0;
    %assign/v0 v0xa4f9f0_0, 0, 0;
    %ix/load 0, 2, 0;
    %assign/v0 v0xa4f6e0_0, 0, 0;
    %ix/load 0, 1, 0;
    %assign/v0 v0xa4f950_0, 0, 0;
    %ix/load 0, 1, 0;
    %assign/v0 v0xa4fca0_0, 0, 0;
    %ix/load 0, 1, 0;
    %assign/v0 v0xa4fd40_0, 0, 0;
    %ix/load 0, 1, 0;
    %assign/v0 v0xa4fe60_0, 0, 0;
    %ix/load 0, 1, 0;
    %assign/v0 v0xa4ff00_0, 0, 0;
    %jmp T_11.13;
T_11.0 ;
    %ix/load 0, 1, 0;
    %assign/v0 v0xa4fb90_0, 0, 1;
    %load/v 8, v0xa4f590_0, 3; Only need 3 of 6 bits
; Save base=8 wid=3 in lookaside.
    %set/v v0xa4f4f0_0, 8, 3;
    %ix/load 0, 1, 0;
    %assign/v0 v0xa4f7c0_0, 0, 1;
    %ix/load 0, 1, 0;
    %assign/v0 v0xa4f860_0, 0, 0;
    %ix/load 0, 1, 0;
    %assign/v0 v0xa4f450_0, 0, 0;
    %ix/load 0, 1, 0;
    %assign/v0 v0xa4f9f0_0, 0, 0;
    %ix/load 0, 2, 0;
    %assign/v0 v0xa4f6e0_0, 0, 0;
    %ix/load 0, 1, 0;
    %assign/v0 v0xa4f950_0, 0, 0;
    %ix/load 0, 1, 0;
    %assign/v0 v0xa4fca0_0, 0, 0;
    %ix/load 0, 1, 0;
    %assign/v0 v0xa4fd40_0, 0, 0;
    %ix/load 0, 1, 0;
    %assign/v0 v0xa4fe60_0, 0, 0;
    %ix/load 0, 1, 0;
    %assign/v0 v0xa4ff00_0, 0, 0;
    %ix/load 0, 1, 0;
    %assign/v0 v0xa4faf0_0, 0, 1;
    %jmp T_11.13;
T_11.1 ;
    %ix/load 0, 1, 0;
    %assign/v0 v0xa4f7c0_0, 0, 1;
    %ix/load 0, 1, 0;
    %assign/v0 v0xa4f860_0, 0, 1;
    %ix/load 0, 1, 0;
    %assign/v0 v0xa4fb90_0, 0, 1;
    %set/v v0xa4f4f0_0, 0, 3;
    %ix/load 0, 1, 0;
    %assign/v0 v0xa4f450_0, 0, 0;
    %ix/load 0, 1, 0;
    %assign/v0 v0xa4f9f0_0, 0, 0;
    %ix/load 0, 2, 0;
    %assign/v0 v0xa4f6e0_0, 0, 0;
    %ix/load 0, 1, 0;
    %assign/v0 v0xa4f950_0, 0, 1;
    %ix/load 0, 1, 0;
    %assign/v0 v0xa4fca0_0, 0, 0;
    %ix/load 0, 1, 0;
    %assign/v0 v0xa4fd40_0, 0, 0;
    %ix/load 0, 1, 0;
    %assign/v0 v0xa4fe60_0, 0, 0;
    %ix/load 0, 1, 0;
    %assign/v0 v0xa4ff00_0, 0, 0;
    %ix/load 0, 1, 0;
    %assign/v0 v0xa4faf0_0, 0, 1;
    %jmp T_11.13;
T_11.2 ;
    %ix/load 0, 1, 0;
    %assign/v0 v0xa4f7c0_0, 0, 0;
    %ix/load 0, 1, 0;
    %assign/v0 v0xa4f860_0, 0, 0;
    %ix/load 0, 1, 0;
    %assign/v0 v0xa4fb90_0, 0, 0;
    %set/v v0xa4f4f0_0, 0, 3;
    %ix/load 0, 1, 0;
    %assign/v0 v0xa4f450_0, 0, 0;
    %ix/load 0, 1, 0;
    %assign/v0 v0xa4f9f0_0, 0, 0;
    %ix/load 0, 2, 0;
    %assign/v0 v0xa4f6e0_0, 0, 0;
    %ix/load 0, 1, 0;
    %assign/v0 v0xa4f950_0, 0, 0;
    %ix/load 0, 1, 0;
    %assign/v0 v0xa4fca0_0, 0, 0;
    %ix/load 0, 1, 0;
    %assign/v0 v0xa4fd40_0, 0, 0;
    %ix/load 0, 1, 0;
    %assign/v0 v0xa4fe60_0, 0, 0;
    %ix/load 0, 1, 0;
    %assign/v0 v0xa4ff00_0, 0, 0;
    %ix/load 0, 1, 0;
    %assign/v0 v0xa4faf0_0, 0, 1;
    %jmp T_11.13;
T_11.3 ;
    %ix/load 0, 1, 0;
    %assign/v0 v0xa4f860_0, 0, 0;
    %ix/load 0, 1, 0;
    %assign/v0 v0xa4fb90_0, 0, 0;
    %load/v 8, v0xa4fdc0_0, 1;
    %jmp/0xz  T_11.14, 8;
    %ix/load 0, 1, 0;
    %assign/v0 v0xa4f7c0_0, 0, 0;
    %jmp T_11.15;
T_11.14 ;
    %ix/load 0, 1, 0;
    %assign/v0 v0xa4f7c0_0, 0, 1;
T_11.15 ;
    %set/v v0xa4f4f0_0, 0, 3;
    %ix/load 0, 1, 0;
    %assign/v0 v0xa4f450_0, 0, 0;
    %ix/load 0, 1, 0;
    %assign/v0 v0xa4f9f0_0, 0, 0;
    %ix/load 0, 2, 0;
    %assign/v0 v0xa4f6e0_0, 0, 0;
    %ix/load 0, 1, 0;
    %assign/v0 v0xa4f950_0, 0, 0;
    %ix/load 0, 1, 0;
    %assign/v0 v0xa4fca0_0, 0, 0;
    %ix/load 0, 1, 0;
    %assign/v0 v0xa4fd40_0, 0, 0;
    %ix/load 0, 1, 0;
    %assign/v0 v0xa4fe60_0, 0, 0;
    %ix/load 0, 1, 0;
    %assign/v0 v0xa4ff00_0, 0, 0;
    %ix/load 0, 1, 0;
    %assign/v0 v0xa4faf0_0, 0, 1;
    %jmp T_11.13;
T_11.4 ;
    %ix/load 0, 1, 0;
    %assign/v0 v0xa4f860_0, 0, 0;
    %ix/load 0, 1, 0;
    %assign/v0 v0xa4fb90_0, 0, 0;
    %load/v 8, v0xa4fdc0_0, 1;
    %jmp/0xz  T_11.16, 8;
    %ix/load 0, 1, 0;
    %assign/v0 v0xa4f7c0_0, 0, 1;
    %jmp T_11.17;
T_11.16 ;
    %ix/load 0, 1, 0;
    %assign/v0 v0xa4f7c0_0, 0, 0;
T_11.17 ;
    %movi 8, 1, 3;
    %set/v v0xa4f4f0_0, 8, 3;
    %ix/load 0, 1, 0;
    %assign/v0 v0xa4f450_0, 0, 0;
    %ix/load 0, 1, 0;
    %assign/v0 v0xa4f9f0_0, 0, 0;
    %ix/load 0, 2, 0;
    %assign/v0 v0xa4f6e0_0, 0, 0;
    %ix/load 0, 1, 0;
    %assign/v0 v0xa4f950_0, 0, 0;
    %ix/load 0, 1, 0;
    %assign/v0 v0xa4fca0_0, 0, 0;
    %ix/load 0, 1, 0;
    %assign/v0 v0xa4fd40_0, 0, 0;
    %ix/load 0, 1, 0;
    %assign/v0 v0xa4fe60_0, 0, 0;
    %ix/load 0, 1, 0;
    %assign/v0 v0xa4ff00_0, 0, 0;
    %ix/load 0, 1, 0;
    %assign/v0 v0xa4faf0_0, 0, 1;
    %jmp T_11.13;
T_11.5 ;
    %ix/load 0, 1, 0;
    %assign/v0 v0xa4f450_0, 0, 0;
    %ix/load 0, 1, 0;
    %assign/v0 v0xa4f860_0, 0, 0;
    %ix/load 0, 1, 0;
    %assign/v0 v0xa4fb90_0, 0, 0;
    %ix/load 0, 1, 0;
    %assign/v0 v0xa4f7c0_0, 0, 1;
    %set/v v0xa4f4f0_0, 0, 3;
    %ix/load 0, 1, 0;
    %assign/v0 v0xa4f9f0_0, 0, 0;
    %ix/load 0, 2, 0;
    %assign/v0 v0xa4f6e0_0, 0, 0;
    %ix/load 0, 1, 0;
    %assign/v0 v0xa4f950_0, 0, 0;
    %ix/load 0, 1, 0;
    %assign/v0 v0xa4fca0_0, 0, 0;
    %ix/load 0, 1, 0;
    %assign/v0 v0xa4fd40_0, 0, 0;
    %ix/load 0, 1, 0;
    %assign/v0 v0xa4fe60_0, 0, 0;
    %ix/load 0, 1, 0;
    %assign/v0 v0xa4ff00_0, 0, 0;
    %ix/load 0, 1, 0;
    %assign/v0 v0xa4faf0_0, 0, 1;
    %jmp T_11.13;
T_11.6 ;
    %ix/load 0, 1, 0;
    %assign/v0 v0xa4f450_0, 0, 1;
    %ix/load 0, 1, 0;
    %assign/v0 v0xa4f860_0, 0, 0;
    %ix/load 0, 1, 0;
    %assign/v0 v0xa4fb90_0, 0, 0;
    %ix/load 0, 1, 0;
    %assign/v0 v0xa4f7c0_0, 0, 0;
    %set/v v0xa4f4f0_0, 0, 3;
    %ix/load 0, 1, 0;
    %assign/v0 v0xa4f9f0_0, 0, 0;
    %ix/load 0, 2, 0;
    %assign/v0 v0xa4f6e0_0, 0, 0;
    %ix/load 0, 1, 0;
    %assign/v0 v0xa4f950_0, 0, 0;
    %ix/load 0, 1, 0;
    %assign/v0 v0xa4fca0_0, 0, 0;
    %ix/load 0, 1, 0;
    %assign/v0 v0xa4fd40_0, 0, 0;
    %ix/load 0, 1, 0;
    %assign/v0 v0xa4fe60_0, 0, 0;
    %ix/load 0, 1, 0;
    %assign/v0 v0xa4ff00_0, 0, 0;
    %ix/load 0, 1, 0;
    %assign/v0 v0xa4faf0_0, 0, 1;
    %jmp T_11.13;
T_11.7 ;
    %ix/load 0, 1, 0;
    %assign/v0 v0xa4f450_0, 0, 0;
    %ix/load 0, 1, 0;
    %assign/v0 v0xa4f860_0, 0, 0;
    %ix/load 0, 1, 0;
    %assign/v0 v0xa4fb90_0, 0, 0;
    %ix/load 0, 1, 0;
    %assign/v0 v0xa4f7c0_0, 0, 1;
    %set/v v0xa4f4f0_0, 0, 3;
    %ix/load 0, 1, 0;
    %assign/v0 v0xa4f9f0_0, 0, 0;
    %ix/load 0, 2, 0;
    %assign/v0 v0xa4f6e0_0, 0, 0;
    %ix/load 0, 1, 0;
    %assign/v0 v0xa4f950_0, 0, 0;
    %ix/load 0, 1, 0;
    %assign/v0 v0xa4fca0_0, 0, 0;
    %ix/load 0, 1, 0;
    %assign/v0 v0xa4fd40_0, 0, 0;
    %ix/load 0, 1, 0;
    %assign/v0 v0xa4fe60_0, 0, 0;
    %ix/load 0, 1, 0;
    %assign/v0 v0xa4ff00_0, 0, 0;
    %ix/load 0, 1, 0;
    %assign/v0 v0xa4faf0_0, 0, 0;
    %jmp T_11.13;
T_11.8 ;
    %jmp T_11.13;
T_11.9 ;
    %ix/load 0, 1, 0;
    %assign/v0 v0xa4f860_0, 0, 0;
    %ix/load 0, 1, 0;
    %assign/v0 v0xa4fb90_0, 0, 0;
    %ix/load 0, 1, 0;
    %assign/v0 v0xa4f7c0_0, 0, 1;
    %set/v v0xa4f4f0_0, 0, 3;
    %ix/load 0, 1, 0;
    %assign/v0 v0xa4f450_0, 0, 0;
    %ix/load 0, 1, 0;
    %assign/v0 v0xa4f9f0_0, 0, 0;
    %ix/load 0, 2, 0;
    %assign/v0 v0xa4f6e0_0, 0, 0;
    %ix/load 0, 1, 0;
    %assign/v0 v0xa4f950_0, 0, 0;
    %ix/load 0, 1, 0;
    %assign/v0 v0xa4faf0_0, 0, 1;
    %ix/load 1, 4, 0;
    %mov 4, 0, 1;
    %jmp/1 T_11.18, 4;
    %load/x1p 11, v0xa4f590_0, 2;
    %jmp T_11.19;
T_11.18 ;
    %mov 11, 2, 2;
T_11.19 ;
    %mov 8, 11, 2; Move signal select into place
    %mov 10, 0, 1;
    %cmpi/u 8, 0, 3;
    %jmp/0xz  T_11.20, 4;
    %ix/load 0, 1, 0;
    %assign/v0 v0xa4fca0_0, 0, 1;
    %ix/load 0, 1, 0;
    %assign/v0 v0xa4fd40_0, 0, 0;
    %ix/load 0, 1, 0;
    %assign/v0 v0xa4fe60_0, 0, 0;
    %ix/load 0, 1, 0;
    %assign/v0 v0xa4ff00_0, 0, 0;
    %jmp T_11.21;
T_11.20 ;
    %ix/load 1, 4, 0;
    %mov 4, 0, 1;
    %jmp/1 T_11.22, 4;
    %load/x1p 11, v0xa4f590_0, 2;
    %jmp T_11.23;
T_11.22 ;
    %mov 11, 2, 2;
T_11.23 ;
    %mov 8, 11, 2; Move signal select into place
    %mov 10, 0, 1;
    %cmpi/u 8, 1, 3;
    %jmp/0xz  T_11.24, 4;
    %ix/load 0, 1, 0;
    %assign/v0 v0xa4fca0_0, 0, 0;
    %ix/load 0, 1, 0;
    %assign/v0 v0xa4fd40_0, 0, 1;
    %ix/load 0, 1, 0;
    %assign/v0 v0xa4fe60_0, 0, 0;
    %ix/load 0, 1, 0;
    %assign/v0 v0xa4ff00_0, 0, 0;
    %jmp T_11.25;
T_11.24 ;
    %ix/load 1, 4, 0;
    %mov 4, 0, 1;
    %jmp/1 T_11.26, 4;
    %load/x1p 14, v0xa4f590_0, 2;
    %jmp T_11.27;
T_11.26 ;
    %mov 14, 2, 2;
T_11.27 ;
    %mov 8, 14, 2; Move signal select into place
    %mov 10, 0, 4;
    %cmpi/u 8, 10, 6;
    %jmp/0xz  T_11.28, 4;
    %ix/load 0, 1, 0;
    %assign/v0 v0xa4fca0_0, 0, 0;
    %ix/load 0, 1, 0;
    %assign/v0 v0xa4fd40_0, 0, 0;
    %ix/load 0, 1, 0;
    %assign/v0 v0xa4fe60_0, 0, 1;
    %ix/load 0, 1, 0;
    %assign/v0 v0xa4ff00_0, 0, 0;
    %jmp T_11.29;
T_11.28 ;
    %ix/load 1, 4, 0;
    %mov 4, 0, 1;
    %jmp/1 T_11.30, 4;
    %load/x1p 14, v0xa4f590_0, 2;
    %jmp T_11.31;
T_11.30 ;
    %mov 14, 2, 2;
T_11.31 ;
    %mov 8, 14, 2; Move signal select into place
    %mov 10, 0, 4;
    %cmpi/u 8, 11, 6;
    %jmp/0xz  T_11.32, 4;
    %ix/load 0, 1, 0;
    %assign/v0 v0xa4fca0_0, 0, 0;
    %ix/load 0, 1, 0;
    %assign/v0 v0xa4fd40_0, 0, 0;
    %ix/load 0, 1, 0;
    %assign/v0 v0xa4fe60_0, 0, 0;
    %ix/load 0, 1, 0;
    %assign/v0 v0xa4ff00_0, 0, 1;
T_11.32 ;
T_11.29 ;
T_11.25 ;
T_11.21 ;
    %jmp T_11.13;
T_11.10 ;
    %ix/load 0, 1, 0;
    %assign/v0 v0xa4f860_0, 0, 0;
    %ix/load 0, 1, 0;
    %assign/v0 v0xa4fb90_0, 0, 0;
    %ix/load 0, 1, 0;
    %assign/v0 v0xa4f7c0_0, 0, 1;
    %set/v v0xa4f4f0_0, 0, 3;
    %ix/load 0, 1, 0;
    %assign/v0 v0xa4f450_0, 0, 0;
    %ix/load 0, 1, 0;
    %assign/v0 v0xa4f9f0_0, 0, 1;
    %ix/load 0, 2, 0;
    %assign/v0 v0xa4f6e0_0, 0, 0;
    %ix/load 0, 1, 0;
    %assign/v0 v0xa4f950_0, 0, 0;
    %ix/load 0, 1, 0;
    %assign/v0 v0xa4faf0_0, 0, 1;
    %ix/load 1, 4, 0;
    %mov 4, 0, 1;
    %jmp/1 T_11.34, 4;
    %load/x1p 11, v0xa4f590_0, 2;
    %jmp T_11.35;
T_11.34 ;
    %mov 11, 2, 2;
T_11.35 ;
    %mov 8, 11, 2; Move signal select into place
    %mov 10, 0, 1;
    %cmpi/u 8, 0, 3;
    %jmp/0xz  T_11.36, 4;
    %ix/load 0, 1, 0;
    %assign/v0 v0xa4fca0_0, 0, 1;
    %ix/load 0, 1, 0;
    %assign/v0 v0xa4fd40_0, 0, 0;
    %ix/load 0, 1, 0;
    %assign/v0 v0xa4fe60_0, 0, 0;
    %ix/load 0, 1, 0;
    %assign/v0 v0xa4ff00_0, 0, 0;
    %jmp T_11.37;
T_11.36 ;
    %ix/load 1, 4, 0;
    %mov 4, 0, 1;
    %jmp/1 T_11.38, 4;
    %load/x1p 11, v0xa4f590_0, 2;
    %jmp T_11.39;
T_11.38 ;
    %mov 11, 2, 2;
T_11.39 ;
    %mov 8, 11, 2; Move signal select into place
    %mov 10, 0, 1;
    %cmpi/u 8, 1, 3;
    %jmp/0xz  T_11.40, 4;
    %ix/load 0, 1, 0;
    %assign/v0 v0xa4fca0_0, 0, 0;
    %ix/load 0, 1, 0;
    %assign/v0 v0xa4fd40_0, 0, 1;
    %ix/load 0, 1, 0;
    %assign/v0 v0xa4fe60_0, 0, 0;
    %ix/load 0, 1, 0;
    %assign/v0 v0xa4ff00_0, 0, 0;
    %jmp T_11.41;
T_11.40 ;
    %ix/load 1, 4, 0;
    %mov 4, 0, 1;
    %jmp/1 T_11.42, 4;
    %load/x1p 14, v0xa4f590_0, 2;
    %jmp T_11.43;
T_11.42 ;
    %mov 14, 2, 2;
T_11.43 ;
    %mov 8, 14, 2; Move signal select into place
    %mov 10, 0, 4;
    %cmpi/u 8, 10, 6;
    %jmp/0xz  T_11.44, 4;
    %ix/load 0, 1, 0;
    %assign/v0 v0xa4fca0_0, 0, 0;
    %ix/load 0, 1, 0;
    %assign/v0 v0xa4fd40_0, 0, 0;
    %ix/load 0, 1, 0;
    %assign/v0 v0xa4fe60_0, 0, 1;
    %ix/load 0, 1, 0;
    %assign/v0 v0xa4ff00_0, 0, 0;
    %jmp T_11.45;
T_11.44 ;
    %ix/load 1, 4, 0;
    %mov 4, 0, 1;
    %jmp/1 T_11.46, 4;
    %load/x1p 14, v0xa4f590_0, 2;
    %jmp T_11.47;
T_11.46 ;
    %mov 14, 2, 2;
T_11.47 ;
    %mov 8, 14, 2; Move signal select into place
    %mov 10, 0, 4;
    %cmpi/u 8, 11, 6;
    %jmp/0xz  T_11.48, 4;
    %ix/load 0, 1, 0;
    %assign/v0 v0xa4fca0_0, 0, 0;
    %ix/load 0, 1, 0;
    %assign/v0 v0xa4fd40_0, 0, 0;
    %ix/load 0, 1, 0;
    %assign/v0 v0xa4fe60_0, 0, 0;
    %ix/load 0, 1, 0;
    %assign/v0 v0xa4ff00_0, 0, 1;
T_11.48 ;
T_11.45 ;
T_11.41 ;
T_11.37 ;
    %jmp T_11.13;
T_11.11 ;
    %ix/load 0, 1, 0;
    %assign/v0 v0xa4f860_0, 0, 1;
    %ix/load 0, 1, 0;
    %assign/v0 v0xa4fb90_0, 0, 1;
    %ix/load 0, 1, 0;
    %assign/v0 v0xa4f7c0_0, 0, 1;
    %set/v v0xa4f4f0_0, 0, 3;
    %ix/load 0, 1, 0;
    %assign/v0 v0xa4f450_0, 0, 0;
    %ix/load 0, 1, 0;
    %assign/v0 v0xa4f9f0_0, 0, 0;
    %ix/load 1, 4, 0;
    %mov 4, 0, 1;
    %jmp/1 T_11.50, 4;
    %load/x1p 8, v0xa4f590_0, 2;
    %jmp T_11.51;
T_11.50 ;
    %mov 8, 2, 2;
T_11.51 ;
; Save base=8 wid=2 in lookaside.
    %ix/load 0, 2, 0;
    %assign/v0 v0xa4f6e0_0, 0, 8;
    %ix/load 0, 1, 0;
    %assign/v0 v0xa4f950_0, 0, 0;
    %ix/load 0, 1, 0;
    %assign/v0 v0xa4fca0_0, 0, 0;
    %ix/load 0, 1, 0;
    %assign/v0 v0xa4fd40_0, 0, 0;
    %ix/load 0, 1, 0;
    %assign/v0 v0xa4fe60_0, 0, 0;
    %ix/load 0, 1, 0;
    %assign/v0 v0xa4ff00_0, 0, 0;
    %ix/load 0, 1, 0;
    %assign/v0 v0xa4faf0_0, 0, 1;
    %jmp T_11.13;
T_11.13 ;
    %jmp T_11;
    .thread T_11, $push;
    .scope S_0xa24fc0;
T_12 ;
    %vpi_call 3 35 "$monitor", "tiempo=%0d clkt=%d resett=%d opcodet=%b s_inct=%d s_inmt=%d we3t=%d opt=%b zt=%d fin=%d", $time, v0xa56880_0, v0xa56ea0_0, v0xa56dd0_0, v0xa56fa0_0, v0xa57020_0, v0xa572a0_0, v0xa56cc0_0, v0xa57600_0, v0xa56c40_0;
    %end;
    .thread T_12;
    .scope S_0x9e7e50;
T_13 ;
    %set/v v0xa57550_0, 1, 1;
    %delay 3000, 0;
    %set/v v0xa57550_0, 0, 1;
    %delay 3000, 0;
    %jmp T_13;
    .thread T_13;
    .scope S_0x9e7e50;
T_14 ;
    %set/v v0xa57940_0, 1, 1;
    %delay 500, 0;
    %set/v v0xa57940_0, 0, 1;
    %end;
    .thread T_14;
    .scope S_0x9e7e50;
T_15 ;
    %vpi_call 2 37 "$dumpfile", "microc.vcd";
    %vpi_call 2 38 "$dumpvars";
    %movi 8, 1, 8;
    %set/v v0xa57740_0, 8, 8;
    %delay 30000, 0;
    %vpi_call 2 43 "$finish";
    %end;
    .thread T_15;
# The file index is used to find the file name in the following table.
:file_names 9;
    "N/A";
    "<interactive>";
    "procesador_tb.v";
    "./procesador.v";
    "./microc.v";
    "./memprog.v";
    "./componentes.v";
    "./alu.v";
    "./uc.v";
