#! /usr/bin/vvp
:ivl_version "0.9.7 " "(v0_9_7)";
:vpi_time_precision - 11;
:vpi_module "system";
:vpi_module "v2005_math";
:vpi_module "va_math";
S_0x147eff0 .scope module, "cuenta1_tb" "cuenta1_tb" 2 3;
 .timescale -9 -11;
v0x14abec0_0 .var "clk", 0 0;
v0x14abf40_0 .net "cuenta", 3 0, L_0x14a85b0; 1 drivers
v0x14abff0_0 .net "fin", 0 0, L_0x14b5240; 1 drivers
v0x14ac070_0 .var "start", 0 0;
v0x14ac140_0 .var "valor", 2 0;
S_0x14751e0 .scope module, "cuenta1" "cuenta1" 2 14, 3 7, S_0x147eff0;
 .timescale -9 -11;
RS_0x7fddb3a920f8 .resolv tri, L_0x14b2b70, L_0x14b2ed0, L_0x14b3010, L_0x14b3150;
L_0x14a85b0 .functor BUFZ 4, RS_0x7fddb3a920f8, C4<0000>, C4<0000>, C4<0000>;
v0x14ab710_0 .net "CargaA", 0 0, L_0x14b4af0; 1 drivers
v0x14ab790_0 .net "CargaQ", 0 0, L_0x14b3330; 1 drivers
v0x149f130_0 .alias "Cuenta", 3 0, v0x14abf40_0;
v0x14ab920_0 .net "DesplazaQ", 0 0, L_0x14b3bf0; 1 drivers
RS_0x7fddb3a920c8 .resolv tri, L_0x14b0970, L_0x14b10e0, L_0x14b1a60, L_0x14b23d0;
v0x14ab9a0_0 .net8 "EntA", 3 0, RS_0x7fddb3a920c8; 4 drivers
v0x14aba70_0 .net "ResetA", 0 0, L_0x14b4190; 1 drivers
v0x14abaf0_0 .net8 "SalA", 3 0, RS_0x7fddb3a920f8; 4 drivers
RS_0x7fddb3a91528 .resolv tri, L_0x14b5c30, L_0x14b6240, L_0x14b67e0, C4<zzz>;
v0x14abbc0_0 .net8 "SalQ", 2 0, RS_0x7fddb3a91528; 3 drivers
v0x14abc90_0 .net "Valor", 2 0, v0x14ac140_0; 1 drivers
v0x14abd10_0 .net "clk", 0 0, v0x14abec0_0; 1 drivers
v0x14abd90_0 .alias "fin", 0 0, v0x14abff0_0;
v0x14abe10_0 .net "start", 0 0, v0x14ac070_0; 1 drivers
L_0x14b5600 .part RS_0x7fddb3a91528, 0, 1;
S_0x14a4470 .scope module, "sum" "sum4" 3 15, 4 2, S_0x14751e0;
 .timescale -9 -11;
v0x14aa780_0 .alias "A", 3 0, v0x14abaf0_0;
v0x14aa820_0 .net "B", 3 0, C4<0001>; 1 drivers
RS_0x7fddb3a928a8 .resolv tri, L_0x14ac260, L_0x14ac700, L_0x14ad0f0, L_0x14ae380;
v0x14aa8a0_0 .net8 "C", 4 1, RS_0x7fddb3a928a8; 4 drivers
v0x14aac30_0 .alias "S", 3 0, v0x14ab9a0_0;
v0x14aacb0_0 .net "c1", 0 0, L_0x14b06e0; 1 drivers
v0x14aad60_0 .net "c2", 0 0, L_0x14b0f10; 1 drivers
v0x14aade0_0 .net "c3", 0 0, L_0x14b17d0; 1 drivers
v0x14aae90_0 .net "c4", 0 0, L_0x14b2140; 1 drivers
v0x14aaf90_0 .net "c_in", 0 0, C4<0>; 1 drivers
v0x14ab010_0 .net "c_out", 0 0, L_0x14b2990; 1 drivers
v0x14ab090_0 .net "g0", 0 0, L_0x14b0910; 1 drivers
v0x14ab140_0 .net "g1", 0 0, L_0x14ad450; 1 drivers
v0x14ab1f0_0 .net "g2", 0 0, L_0x14b1a00; 1 drivers
v0x14ab2a0_0 .net "g3", 0 0, L_0x14b2370; 1 drivers
v0x14ab3d0_0 .net "p0", 0 0, L_0x14b0790; 1 drivers
v0x14ab480_0 .net "p1", 0 0, L_0x14aa920; 1 drivers
v0x14ab320_0 .net "p2", 0 0, L_0x14b1880; 1 drivers
v0x14ab5f0_0 .net "p3", 0 0, L_0x14b21f0; 1 drivers
L_0x14afd00 .concat [ 1 1 1 1], L_0x14b0910, L_0x14ad450, L_0x14b1a00, L_0x14b2370;
L_0x14b0130 .concat [ 1 1 1 1], L_0x14b0790, L_0x14aa920, L_0x14b1880, L_0x14b21f0;
L_0x14b0970 .part/pv L_0x14b04c0, 0, 1, 4;
L_0x14b0a10 .part RS_0x7fddb3a920f8, 0, 1;
L_0x14b0b40 .part C4<0001>, 0, 1;
L_0x14b10e0 .part/pv L_0x14b0ca0, 1, 1, 4;
L_0x14b1210 .part RS_0x7fddb3a920f8, 1, 1;
L_0x14b12b0 .part C4<0001>, 1, 1;
L_0x14b1350 .part RS_0x7fddb3a928a8, 0, 1;
L_0x14b1a60 .part/pv L_0x14b1560, 2, 1, 4;
L_0x14b1b60 .part RS_0x7fddb3a920f8, 2, 1;
L_0x14b1c00 .part C4<0001>, 2, 1;
L_0x14b1d10 .part RS_0x7fddb3a928a8, 1, 1;
L_0x14b23d0 .part/pv L_0x14b1f20, 3, 1, 4;
L_0x14b24f0 .part RS_0x7fddb3a920f8, 3, 1;
L_0x14b2590 .part C4<0001>, 3, 1;
L_0x14b2750 .part RS_0x7fddb3a928a8, 2, 1;
L_0x14b2990 .part RS_0x7fddb3a928a8, 3, 1;
S_0x14a7ef0 .scope module, "cla" "cla_4" 4 6, 4 34, S_0x14a4470;
 .timescale -9 -11;
L_0x14ac490 .functor AND 1, L_0x14ac3f0, C4<0>, C4<1>, C4<1>;
L_0x14ac600 .functor OR 1, L_0x14ac350, L_0x14ac490, C4<0>, C4<0>;
L_0x14aca20 .functor AND 1, L_0x14ac890, L_0x14ac980, C4<1>, C4<1>;
L_0x14acb20 .functor OR 1, L_0x14ac7a0, L_0x14aca20, C4<0>, C4<0>;
L_0x14ace40 .functor AND 1, L_0x14acc20, L_0x14acd10, C4<1>, C4<1>;
L_0x14acef0 .functor AND 1, L_0x14ace40, C4<0>, C4<1>, C4<1>;
L_0x14acfa0 .functor OR 1, L_0x14acb20, L_0x14acef0, C4<0>, C4<0>;
L_0x14ad220 .functor AND 1, L_0x14ad3b0, L_0x14ad4c0, C4<1>, C4<1>;
L_0x14ad560 .functor OR 1, L_0x14ad280, L_0x14ad220, C4<0>, C4<0>;
L_0x14ad820 .functor AND 1, L_0x14ad660, L_0x14ad780, C4<1>, C4<1>;
L_0x14adab0 .functor AND 1, L_0x14ad820, L_0x14ad980, C4<1>, C4<1>;
L_0x14adb60 .functor OR 1, L_0x14ad560, L_0x14adab0, C4<0>, C4<0>;
L_0x14ad920 .functor AND 1, L_0x14adc60, L_0x14ade10, C4<1>, C4<1>;
L_0x14adff0 .functor AND 1, L_0x14ad920, L_0x14adf50, C4<1>, C4<1>;
L_0x14ae0f0 .functor AND 1, L_0x14adff0, C4<0>, C4<1>, C4<1>;
L_0x14ae1a0 .functor OR 1, L_0x14adb60, L_0x14ae0f0, C4<0>, C4<0>;
L_0x14ad320 .functor AND 1, L_0x14ae4d0, L_0x14ae420, C4<1>, C4<1>;
L_0x14ae7e0 .functor OR 1, L_0x14adeb0, L_0x14ad320, C4<0>, C4<0>;
L_0x14ae2f0 .functor AND 1, L_0x14ae980, L_0x14ae570, C4<1>, C4<1>;
L_0x14aea20 .functor AND 1, L_0x14ae2f0, L_0x14aeb90, C4<1>, C4<1>;
L_0x14ae8e0 .functor OR 1, L_0x14ae7e0, L_0x14aea20, C4<0>, C4<0>;
L_0x14aec30 .functor AND 1, L_0x14aeeb0, L_0x14aef50, C4<1>, C4<1>;
L_0x14add00 .functor AND 1, L_0x14aec30, L_0x14aed60, C4<1>, C4<1>;
L_0x14aeff0 .functor AND 1, L_0x14add00, L_0x14af400, C4<1>, C4<1>;
L_0x14af130 .functor OR 1, L_0x14ae8e0, L_0x14aeff0, C4<0>, C4<0>;
L_0x14af4a0 .functor AND 1, L_0x14af710, L_0x14af7b0, C4<1>, C4<1>;
L_0x14afa40 .functor AND 1, L_0x14af4a0, L_0x14af5f0, C4<1>, C4<1>;
L_0x14af850 .functor AND 1, L_0x14afa40, L_0x14afb40, C4<1>, C4<1>;
L_0x14af960 .functor AND 1, L_0x14af850, C4<0>, C4<1>, C4<1>;
L_0x14afdf0 .functor OR 1, L_0x14af130, L_0x14af960, C4<0>, C4<0>;
v0x14a7fe0_0 .alias "C", 4 1, v0x14aa8a0_0;
v0x14a8060_0 .net "G", 3 0, L_0x14afd00; 1 drivers
v0x14a80e0_0 .net "P", 3 0, L_0x14b0130; 1 drivers
v0x14a8160_0 .net *"_s101", 0 0, L_0x14aed60; 1 drivers
v0x14a81e0_0 .net *"_s102", 0 0, L_0x14add00; 1 drivers
v0x14a8260_0 .net *"_s105", 0 0, L_0x14af400; 1 drivers
v0x14a8300_0 .net *"_s106", 0 0, L_0x14aeff0; 1 drivers
v0x14a83a0_0 .net *"_s108", 0 0, L_0x14af130; 1 drivers
v0x14a8490_0 .net *"_s111", 0 0, L_0x14af710; 1 drivers
v0x14a8530_0 .net *"_s113", 0 0, L_0x14af7b0; 1 drivers
v0x14a8630_0 .net *"_s114", 0 0, L_0x14af4a0; 1 drivers
v0x14a86d0_0 .net *"_s117", 0 0, L_0x14af5f0; 1 drivers
v0x14a8770_0 .net *"_s118", 0 0, L_0x14afa40; 1 drivers
v0x14a8810_0 .net *"_s121", 0 0, L_0x14afb40; 1 drivers
v0x14a8930_0 .net *"_s122", 0 0, L_0x14af850; 1 drivers
v0x14a89d0_0 .net *"_s124", 0 0, L_0x14af960; 1 drivers
v0x14a8890_0 .net *"_s126", 0 0, L_0x14afdf0; 1 drivers
v0x14a8b20_0 .net *"_s13", 0 0, L_0x14ac7a0; 1 drivers
v0x14a8c40_0 .net *"_s15", 0 0, L_0x14ac890; 1 drivers
v0x14a8cc0_0 .net *"_s17", 0 0, L_0x14ac980; 1 drivers
v0x14a8ba0_0 .net *"_s18", 0 0, L_0x14aca20; 1 drivers
v0x14a8df0_0 .net *"_s20", 0 0, L_0x14acb20; 1 drivers
v0x14a8d40_0 .net *"_s23", 0 0, L_0x14acc20; 1 drivers
v0x14a8f30_0 .net *"_s25", 0 0, L_0x14acd10; 1 drivers
v0x14a8e90_0 .net *"_s26", 0 0, L_0x14ace40; 1 drivers
v0x14a9080_0 .net *"_s28", 0 0, L_0x14acef0; 1 drivers
v0x14a8fd0_0 .net *"_s3", 0 0, L_0x14ac350; 1 drivers
v0x14a91e0_0 .net *"_s30", 0 0, L_0x14acfa0; 1 drivers
v0x14a9120_0 .net *"_s35", 0 0, L_0x14ad280; 1 drivers
v0x14a9350_0 .net *"_s37", 0 0, L_0x14ad3b0; 1 drivers
v0x14a9260_0 .net *"_s39", 0 0, L_0x14ad4c0; 1 drivers
v0x14a94d0_0 .net *"_s40", 0 0, L_0x14ad220; 1 drivers
v0x14a93d0_0 .net *"_s42", 0 0, L_0x14ad560; 1 drivers
v0x14a9660_0 .net *"_s45", 0 0, L_0x14ad660; 1 drivers
v0x14a9550_0 .net *"_s47", 0 0, L_0x14ad780; 1 drivers
v0x14a9800_0 .net *"_s48", 0 0, L_0x14ad820; 1 drivers
v0x14a96e0_0 .net *"_s5", 0 0, L_0x14ac3f0; 1 drivers
v0x14a9780_0 .net *"_s51", 0 0, L_0x14ad980; 1 drivers
v0x14a99c0_0 .net *"_s52", 0 0, L_0x14adab0; 1 drivers
v0x14a9a40_0 .net *"_s54", 0 0, L_0x14adb60; 1 drivers
v0x14a9880_0 .net *"_s57", 0 0, L_0x14adc60; 1 drivers
v0x14a9920_0 .net *"_s59", 0 0, L_0x14ade10; 1 drivers
v0x14a9c20_0 .net *"_s6", 0 0, L_0x14ac490; 1 drivers
v0x14a9ca0_0 .net *"_s60", 0 0, L_0x14ad920; 1 drivers
v0x14a9ac0_0 .net *"_s63", 0 0, L_0x14adf50; 1 drivers
v0x14a9b60_0 .net *"_s64", 0 0, L_0x14adff0; 1 drivers
v0x14a9ea0_0 .net *"_s66", 0 0, L_0x14ae0f0; 1 drivers
v0x14a9f20_0 .net *"_s68", 0 0, L_0x14ae1a0; 1 drivers
v0x14a9d40_0 .net *"_s73", 0 0, L_0x14adeb0; 1 drivers
v0x14a9de0_0 .net *"_s75", 0 0, L_0x14ae4d0; 1 drivers
v0x14aa140_0 .net *"_s77", 0 0, L_0x14ae420; 1 drivers
v0x14aa1c0_0 .net *"_s78", 0 0, L_0x14ad320; 1 drivers
v0x14a9fc0_0 .net *"_s8", 0 0, L_0x14ac600; 1 drivers
v0x14aa060_0 .net *"_s80", 0 0, L_0x14ae7e0; 1 drivers
v0x14aa400_0 .net *"_s83", 0 0, L_0x14ae980; 1 drivers
v0x14aa480_0 .net *"_s85", 0 0, L_0x14ae570; 1 drivers
v0x14aa240_0 .net *"_s86", 0 0, L_0x14ae2f0; 1 drivers
v0x14aa2e0_0 .net *"_s89", 0 0, L_0x14aeb90; 1 drivers
v0x14aa380_0 .net *"_s90", 0 0, L_0x14aea20; 1 drivers
v0x14aa700_0 .net *"_s92", 0 0, L_0x14ae8e0; 1 drivers
v0x14aa520_0 .net *"_s95", 0 0, L_0x14aeeb0; 1 drivers
v0x14aa5c0_0 .net *"_s97", 0 0, L_0x14aef50; 1 drivers
v0x14aa660_0 .net *"_s98", 0 0, L_0x14aec30; 1 drivers
v0x14aa9a0_0 .alias "c_in", 0 0, v0x14aaf90_0;
L_0x14ac260 .part/pv L_0x14ac600, 0, 1, 4;
L_0x14ac350 .part L_0x14afd00, 0, 1;
L_0x14ac3f0 .part L_0x14b0130, 0, 1;
L_0x14ac700 .part/pv L_0x14acfa0, 1, 1, 4;
L_0x14ac7a0 .part L_0x14afd00, 1, 1;
L_0x14ac890 .part L_0x14b0130, 1, 1;
L_0x14ac980 .part L_0x14afd00, 0, 1;
L_0x14acc20 .part L_0x14b0130, 1, 1;
L_0x14acd10 .part L_0x14b0130, 0, 1;
L_0x14ad0f0 .part/pv L_0x14ae1a0, 2, 1, 4;
L_0x14ad280 .part L_0x14afd00, 2, 1;
L_0x14ad3b0 .part L_0x14b0130, 2, 1;
L_0x14ad4c0 .part L_0x14afd00, 1, 1;
L_0x14ad660 .part L_0x14b0130, 2, 1;
L_0x14ad780 .part L_0x14b0130, 1, 1;
L_0x14ad980 .part L_0x14afd00, 0, 1;
L_0x14adc60 .part L_0x14b0130, 2, 1;
L_0x14ade10 .part L_0x14b0130, 1, 1;
L_0x14adf50 .part L_0x14b0130, 0, 1;
L_0x14ae380 .part/pv L_0x14afdf0, 3, 1, 4;
L_0x14adeb0 .part L_0x14afd00, 3, 1;
L_0x14ae4d0 .part L_0x14b0130, 3, 1;
L_0x14ae420 .part L_0x14afd00, 2, 1;
L_0x14ae980 .part L_0x14b0130, 3, 1;
L_0x14ae570 .part L_0x14b0130, 2, 1;
L_0x14aeb90 .part L_0x14afd00, 1, 1;
L_0x14aeeb0 .part L_0x14b0130, 3, 1;
L_0x14aef50 .part L_0x14b0130, 2, 1;
L_0x14aed60 .part L_0x14b0130, 1, 1;
L_0x14af400 .part L_0x14afd00, 0, 1;
L_0x14af710 .part L_0x14b0130, 3, 1;
L_0x14af7b0 .part L_0x14b0130, 2, 1;
L_0x14af5f0 .part L_0x14b0130, 1, 1;
L_0x14afb40 .part L_0x14b0130, 0, 1;
S_0x14a7090 .scope module, "fa0" "fa_v3" 4 7, 4 15, S_0x14a4470;
 .timescale -9 -11;
L_0x14b06e0 .functor OR 1, L_0x14b0410, L_0x14b0680, C4<0>, C4<0>;
L_0x14b0790 .functor OR 1, L_0x14b0a10, L_0x14b0b40, C4<0>, C4<0>;
L_0x14b0910 .functor AND 1, L_0x14b0a10, L_0x14b0b40, C4<1>, C4<1>;
v0x14a7820_0 .net "a", 0 0, L_0x14b0a10; 1 drivers
v0x14a78d0_0 .net "b", 0 0, L_0x14b0b40; 1 drivers
v0x14a7980_0 .alias "c_in", 0 0, v0x14aaf90_0;
v0x14a7a30_0 .alias "c_out", 0 0, v0x14aacb0_0;
v0x14a7ae0_0 .net "carry1", 0 0, L_0x14b0410; 1 drivers
v0x14a7b90_0 .net "carry2", 0 0, L_0x14b0680; 1 drivers
v0x14a7c10_0 .alias "g", 0 0, v0x14ab090_0;
v0x14a7c90_0 .alias "p", 0 0, v0x14ab3d0_0;
v0x14a7d60_0 .net "sum", 0 0, L_0x14b04c0; 1 drivers
v0x14a7e10_0 .net "sum_par", 0 0, L_0x14b0310; 1 drivers
S_0x14a7470 .scope module, "ha1" "ha_vr" 4 19, 4 27, S_0x14a7090;
 .timescale -9 -11;
L_0x14b0310/d .functor XOR 1, L_0x14b0a10, L_0x14b0b40, C4<0>, C4<0>;
L_0x14b0310 .delay (100,100,100) L_0x14b0310/d;
L_0x14b0410/d .functor AND 1, L_0x14b0a10, L_0x14b0b40, C4<1>, C4<1>;
L_0x14b0410 .delay (100,100,100) L_0x14b0410/d;
v0x14a7560_0 .alias "a", 0 0, v0x14a7820_0;
v0x14a7600_0 .alias "b", 0 0, v0x14a78d0_0;
v0x14a76a0_0 .alias "carry", 0 0, v0x14a7ae0_0;
v0x14a7740_0 .alias "sum", 0 0, v0x14a7e10_0;
S_0x14a7180 .scope module, "ha2" "ha_vr" 4 20, 4 27, S_0x14a7090;
 .timescale -9 -11;
L_0x14b04c0/d .functor XOR 1, C4<0>, L_0x14b0310, C4<0>, C4<0>;
L_0x14b04c0 .delay (100,100,100) L_0x14b04c0/d;
L_0x14b0680/d .functor AND 1, C4<0>, L_0x14b0310, C4<1>, C4<1>;
L_0x14b0680 .delay (100,100,100) L_0x14b0680/d;
v0x14a7270_0 .alias "a", 0 0, v0x14aaf90_0;
v0x14a72f0_0 .alias "b", 0 0, v0x14a7e10_0;
v0x14a7370_0 .alias "carry", 0 0, v0x14a7b90_0;
v0x14a73f0_0 .alias "sum", 0 0, v0x14a7d60_0;
S_0x14a6230 .scope module, "fa1" "fa_v3" 4 8, 4 15, S_0x14a4470;
 .timescale -9 -11;
L_0x14b0f10 .functor OR 1, L_0x14b0c40, L_0x14b0e70, C4<0>, C4<0>;
L_0x14aa920 .functor OR 1, L_0x14b1210, L_0x14b12b0, C4<0>, C4<0>;
L_0x14ad450 .functor AND 1, L_0x14b1210, L_0x14b12b0, C4<1>, C4<1>;
v0x14a69c0_0 .net "a", 0 0, L_0x14b1210; 1 drivers
v0x14a6a70_0 .net "b", 0 0, L_0x14b12b0; 1 drivers
v0x14a6b20_0 .net "c_in", 0 0, L_0x14b1350; 1 drivers
v0x14a6bd0_0 .alias "c_out", 0 0, v0x14aad60_0;
v0x14a6c80_0 .net "carry1", 0 0, L_0x14b0c40; 1 drivers
v0x14a6d30_0 .net "carry2", 0 0, L_0x14b0e70; 1 drivers
v0x14a6db0_0 .alias "g", 0 0, v0x14ab140_0;
v0x14a6e30_0 .alias "p", 0 0, v0x14ab480_0;
v0x14a6f00_0 .net "sum", 0 0, L_0x14b0ca0; 1 drivers
v0x14a6fb0_0 .net "sum_par", 0 0, L_0x14b0be0; 1 drivers
S_0x14a6610 .scope module, "ha1" "ha_vr" 4 19, 4 27, S_0x14a6230;
 .timescale -9 -11;
L_0x14b0be0/d .functor XOR 1, L_0x14b1210, L_0x14b12b0, C4<0>, C4<0>;
L_0x14b0be0 .delay (100,100,100) L_0x14b0be0/d;
L_0x14b0c40/d .functor AND 1, L_0x14b1210, L_0x14b12b0, C4<1>, C4<1>;
L_0x14b0c40 .delay (100,100,100) L_0x14b0c40/d;
v0x14a6700_0 .alias "a", 0 0, v0x14a69c0_0;
v0x14a67a0_0 .alias "b", 0 0, v0x14a6a70_0;
v0x14a6840_0 .alias "carry", 0 0, v0x14a6c80_0;
v0x14a68e0_0 .alias "sum", 0 0, v0x14a6fb0_0;
S_0x14a6320 .scope module, "ha2" "ha_vr" 4 20, 4 27, S_0x14a6230;
 .timescale -9 -11;
L_0x14b0ca0/d .functor XOR 1, L_0x14b1350, L_0x14b0be0, C4<0>, C4<0>;
L_0x14b0ca0 .delay (100,100,100) L_0x14b0ca0/d;
L_0x14b0e70/d .functor AND 1, L_0x14b1350, L_0x14b0be0, C4<1>, C4<1>;
L_0x14b0e70 .delay (100,100,100) L_0x14b0e70/d;
v0x14a6410_0 .alias "a", 0 0, v0x14a6b20_0;
v0x14a6490_0 .alias "b", 0 0, v0x14a6fb0_0;
v0x14a6510_0 .alias "carry", 0 0, v0x14a6d30_0;
v0x14a6590_0 .alias "sum", 0 0, v0x14a6f00_0;
S_0x14a5420 .scope module, "fa2" "fa_v3" 4 9, 4 15, S_0x14a4470;
 .timescale -9 -11;
L_0x14b17d0 .functor OR 1, L_0x14b14c0, L_0x14b1730, C4<0>, C4<0>;
L_0x14b1880 .functor OR 1, L_0x14b1b60, L_0x14b1c00, C4<0>, C4<0>;
L_0x14b1a00 .functor AND 1, L_0x14b1b60, L_0x14b1c00, C4<1>, C4<1>;
v0x14a5bb0_0 .net "a", 0 0, L_0x14b1b60; 1 drivers
v0x14a5c60_0 .net "b", 0 0, L_0x14b1c00; 1 drivers
v0x14a5d10_0 .net "c_in", 0 0, L_0x14b1d10; 1 drivers
v0x14a5dc0_0 .alias "c_out", 0 0, v0x14aade0_0;
v0x14a5e70_0 .net "carry1", 0 0, L_0x14b14c0; 1 drivers
v0x14a5f20_0 .net "carry2", 0 0, L_0x14b1730; 1 drivers
v0x14a5fa0_0 .alias "g", 0 0, v0x14ab1f0_0;
v0x14a6020_0 .alias "p", 0 0, v0x14ab320_0;
v0x14a60a0_0 .net "sum", 0 0, L_0x14b1560; 1 drivers
v0x14a6150_0 .net "sum_par", 0 0, L_0x14ad700; 1 drivers
S_0x14a5800 .scope module, "ha1" "ha_vr" 4 19, 4 27, S_0x14a5420;
 .timescale -9 -11;
L_0x14ad700/d .functor XOR 1, L_0x14b1b60, L_0x14b1c00, C4<0>, C4<0>;
L_0x14ad700 .delay (100,100,100) L_0x14ad700/d;
L_0x14b14c0/d .functor AND 1, L_0x14b1b60, L_0x14b1c00, C4<1>, C4<1>;
L_0x14b14c0 .delay (100,100,100) L_0x14b14c0/d;
v0x14a58f0_0 .alias "a", 0 0, v0x14a5bb0_0;
v0x14a5990_0 .alias "b", 0 0, v0x14a5c60_0;
v0x14a5a30_0 .alias "carry", 0 0, v0x14a5e70_0;
v0x14a5ad0_0 .alias "sum", 0 0, v0x14a6150_0;
S_0x14a5510 .scope module, "ha2" "ha_vr" 4 20, 4 27, S_0x14a5420;
 .timescale -9 -11;
L_0x14b1560/d .functor XOR 1, L_0x14b1d10, L_0x14ad700, C4<0>, C4<0>;
L_0x14b1560 .delay (100,100,100) L_0x14b1560/d;
L_0x14b1730/d .functor AND 1, L_0x14b1d10, L_0x14ad700, C4<1>, C4<1>;
L_0x14b1730 .delay (100,100,100) L_0x14b1730/d;
v0x14a5600_0 .alias "a", 0 0, v0x14a5d10_0;
v0x14a5680_0 .alias "b", 0 0, v0x14a6150_0;
v0x14a5700_0 .alias "carry", 0 0, v0x14a5f20_0;
v0x14a5780_0 .alias "sum", 0 0, v0x14a60a0_0;
S_0x14a4560 .scope module, "fa3" "fa_v3" 4 10, 4 15, S_0x14a4470;
 .timescale -9 -11;
L_0x14b2140 .functor OR 1, L_0x14b1e80, L_0x14b20a0, C4<0>, C4<0>;
L_0x14b21f0 .functor OR 1, L_0x14b24f0, L_0x14b2590, C4<0>, C4<0>;
L_0x14b2370 .functor AND 1, L_0x14b24f0, L_0x14b2590, C4<1>, C4<1>;
v0x14a4dc0_0 .net "a", 0 0, L_0x14b24f0; 1 drivers
v0x14a4e70_0 .net "b", 0 0, L_0x14b2590; 1 drivers
v0x14a4f20_0 .net "c_in", 0 0, L_0x14b2750; 1 drivers
v0x14a4fd0_0 .alias "c_out", 0 0, v0x14aae90_0;
v0x14a5080_0 .net "carry1", 0 0, L_0x14b1e80; 1 drivers
v0x14a5130_0 .net "carry2", 0 0, L_0x14b20a0; 1 drivers
v0x14a51f0_0 .alias "g", 0 0, v0x14ab2a0_0;
v0x14a5270_0 .alias "p", 0 0, v0x14ab5f0_0;
v0x14a52f0_0 .net "sum", 0 0, L_0x14b1f20; 1 drivers
v0x14a53a0_0 .net "sum_par", 0 0, L_0x14b1b00; 1 drivers
S_0x14a49f0 .scope module, "ha1" "ha_vr" 4 19, 4 27, S_0x14a4560;
 .timescale -9 -11;
L_0x14b1b00/d .functor XOR 1, L_0x14b24f0, L_0x14b2590, C4<0>, C4<0>;
L_0x14b1b00 .delay (100,100,100) L_0x14b1b00/d;
L_0x14b1e80/d .functor AND 1, L_0x14b24f0, L_0x14b2590, C4<1>, C4<1>;
L_0x14b1e80 .delay (100,100,100) L_0x14b1e80/d;
v0x14a4ae0_0 .alias "a", 0 0, v0x14a4dc0_0;
v0x14a4ba0_0 .alias "b", 0 0, v0x14a4e70_0;
v0x14a4c40_0 .alias "carry", 0 0, v0x14a5080_0;
v0x14a4ce0_0 .alias "sum", 0 0, v0x14a53a0_0;
S_0x14a4650 .scope module, "ha2" "ha_vr" 4 20, 4 27, S_0x14a4560;
 .timescale -9 -11;
L_0x14b1f20/d .functor XOR 1, L_0x14b2750, L_0x14b1b00, C4<0>, C4<0>;
L_0x14b1f20 .delay (100,100,100) L_0x14b1f20/d;
L_0x14b20a0/d .functor AND 1, L_0x14b2750, L_0x14b1b00, C4<1>, C4<1>;
L_0x14b20a0 .delay (100,100,100) L_0x14b20a0/d;
v0x14a4740_0 .alias "a", 0 0, v0x14a4f20_0;
v0x14a4800_0 .alias "b", 0 0, v0x14a53a0_0;
v0x14a48a0_0 .alias "carry", 0 0, v0x14a5130_0;
v0x14a4940_0 .alias "sum", 0 0, v0x14a52f0_0;
S_0x14a2a70 .scope module, "A" "regA" 3 16, 5 1, S_0x14751e0;
 .timescale -9 -11;
v0x14a4180_0 .alias "CargaA", 0 0, v0x14ab710_0;
v0x14a4220_0 .alias "ResetA", 0 0, v0x14aba70_0;
v0x14a42a0_0 .alias "clk", 0 0, v0x14abd10_0;
v0x14a4320_0 .alias "entA", 3 0, v0x14ab9a0_0;
v0x14a43d0_0 .alias "q", 3 0, v0x14abaf0_0;
L_0x14b2ad0 .part RS_0x7fddb3a920c8, 0, 1;
L_0x14b2b70 .part/pv v0x14a3fc0_0, 0, 1, 4;
L_0x14b2d20 .part RS_0x7fddb3a920c8, 1, 1;
L_0x14b2ed0 .part/pv v0x14a3ae0_0, 1, 1, 4;
L_0x14b2f70 .part RS_0x7fddb3a920c8, 2, 1;
L_0x14b3010 .part/pv v0x14a3690_0, 2, 1, 4;
L_0x14b30b0 .part RS_0x7fddb3a920c8, 3, 1;
L_0x14b3150 .part/pv v0x14a3200_0, 3, 1, 4;
S_0x14a3be0 .scope module, "ffa0" "ffdc" 5 4, 6 1, S_0x14a2a70;
 .timescale -9 -11;
P_0x14a3cd8 .param/l "retardo" 6 1, +C4<01>;
v0x14a3d90_0 .alias "carga", 0 0, v0x14ab710_0;
v0x14a3ea0_0 .alias "clk", 0 0, v0x14abd10_0;
v0x14a3f20_0 .net "d", 0 0, L_0x14b2ad0; 1 drivers
v0x14a3fc0_0 .var "q", 0 0;
v0x14a4070_0 .alias "reset", 0 0, v0x14aba70_0;
S_0x14a3790 .scope module, "ffa1" "ffdc" 5 5, 6 1, S_0x14a2a70;
 .timescale -9 -11;
P_0x14a3888 .param/l "retardo" 6 1, +C4<01>;
v0x14a3940_0 .alias "carga", 0 0, v0x14ab710_0;
v0x14a39c0_0 .alias "clk", 0 0, v0x14abd10_0;
v0x14a3a40_0 .net "d", 0 0, L_0x14b2d20; 1 drivers
v0x14a3ae0_0 .var "q", 0 0;
v0x14a3b60_0 .alias "reset", 0 0, v0x14aba70_0;
S_0x14a3360 .scope module, "ffa2" "ffdc" 5 6, 6 1, S_0x14a2a70;
 .timescale -9 -11;
P_0x14a3458 .param/l "retardo" 6 1, +C4<01>;
v0x14a34f0_0 .alias "carga", 0 0, v0x14ab710_0;
v0x14a3570_0 .alias "clk", 0 0, v0x14abd10_0;
v0x14a35f0_0 .net "d", 0 0, L_0x14b2f70; 1 drivers
v0x14a3690_0 .var "q", 0 0;
v0x14a3710_0 .alias "reset", 0 0, v0x14aba70_0;
S_0x14a2f00 .scope module, "ffa3" "ffdc" 5 7, 6 1, S_0x14a2a70;
 .timescale -9 -11;
P_0x14a0ab8 .param/l "retardo" 6 1, +C4<01>;
v0x14a2ff0_0 .alias "carga", 0 0, v0x14ab710_0;
v0x14a3070_0 .alias "clk", 0 0, v0x14abd10_0;
v0x149f6c0_0 .net "d", 0 0, L_0x14b30b0; 1 drivers
v0x14a3200_0 .var "q", 0 0;
v0x14a32b0_0 .alias "reset", 0 0, v0x14aba70_0;
E_0x14a0980 .event posedge, v0x14a09b0_0, v0x149d510_0;
S_0x14a01e0 .scope module, "uc0" "uc" 3 17, 7 1, S_0x14751e0;
 .timescale -9 -11;
P_0x14a02d8 .param/l "S0" 7 6, C4<000>;
P_0x14a0300 .param/l "S1" 7 7, C4<001>;
P_0x14a0328 .param/l "S2" 7 8, C4<010>;
P_0x14a0350 .param/l "S3" 7 9, C4<011>;
P_0x14a0378 .param/l "S4" 7 10, C4<100>;
P_0x14a03a0 .param/l "S5" 7 11, C4<101>;
P_0x14a03c8 .param/l "S6" 7 12, C4<110>;
L_0x14b3a70 .functor OR 1, L_0x14b3670, L_0x14b3980, C4<0>, C4<0>;
L_0x14b3920 .functor OR 1, L_0x14b44e0, L_0x14b4440, C4<0>, C4<0>;
L_0x14b4c50 .functor OR 1, L_0x14b3920, L_0x14b4700, C4<0>, C4<0>;
L_0x14b4d50 .functor AND 1, L_0x14b5600, L_0x14b4c50, C4<1>, C4<1>;
v0x14a0710_0 .alias "CargaA", 0 0, v0x14ab710_0;
v0x14a07d0_0 .alias "CargaQ", 0 0, v0x14ab790_0;
v0x14a0850_0 .alias "DesplazaQ", 0 0, v0x14ab920_0;
v0x14a0900_0 .alias "Fin", 0 0, v0x14abff0_0;
v0x14a09b0_0 .alias "ResetA", 0 0, v0x14aba70_0;
v0x14a0a30_0 .net *"_s0", 3 0, L_0x14b31f0; 1 drivers
v0x14a0b10_0 .net/s *"_s10", 0 0, C4<0>; 1 drivers
v0x14a0bb0_0 .net *"_s14", 3 0, L_0x14b3470; 1 drivers
v0x14a0c50_0 .net *"_s17", 0 0, C4<0>; 1 drivers
v0x14a0cf0_0 .net *"_s18", 3 0, C4<0010>; 1 drivers
v0x14a0df0_0 .net *"_s20", 0 0, L_0x14b3670; 1 drivers
v0x14a0e90_0 .net *"_s22", 3 0, L_0x14b37b0; 1 drivers
v0x14a0fa0_0 .net *"_s25", 0 0, C4<0>; 1 drivers
v0x14a1040_0 .net *"_s26", 3 0, C4<0100>; 1 drivers
v0x14a1160_0 .net *"_s28", 0 0, L_0x14b3980; 1 drivers
v0x14a1200_0 .net *"_s3", 0 0, C4<0>; 1 drivers
v0x14a10c0_0 .net *"_s30", 0 0, L_0x14b3a70; 1 drivers
v0x14a1350_0 .net/s *"_s32", 0 0, C4<1>; 1 drivers
v0x14a1470_0 .net/s *"_s34", 0 0, C4<0>; 1 drivers
v0x14a14f0_0 .net *"_s38", 3 0, L_0x14b3dd0; 1 drivers
v0x14a13d0_0 .net *"_s4", 3 0, C4<0000>; 1 drivers
v0x14a1620_0 .net *"_s41", 0 0, C4<0>; 1 drivers
v0x14a1570_0 .net *"_s42", 3 0, C4<0000>; 1 drivers
v0x14a1760_0 .net *"_s44", 0 0, L_0x14b3f40; 1 drivers
v0x14a16c0_0 .net/s *"_s46", 0 0, C4<1>; 1 drivers
v0x14a18b0_0 .net/s *"_s48", 0 0, C4<0>; 1 drivers
v0x14a1800_0 .net *"_s52", 3 0, L_0x14b42d0; 1 drivers
v0x14a1a10_0 .net *"_s55", 0 0, C4<0>; 1 drivers
v0x14a1950_0 .net *"_s56", 3 0, C4<0001>; 1 drivers
v0x14a1b80_0 .net *"_s58", 0 0, L_0x14b44e0; 1 drivers
v0x14a1a90_0 .net *"_s6", 0 0, L_0x14b3290; 1 drivers
v0x14a1d00_0 .net *"_s60", 3 0, L_0x14b45d0; 1 drivers
v0x14a1c00_0 .net *"_s63", 0 0, C4<0>; 1 drivers
v0x14a1e90_0 .net *"_s64", 3 0, C4<0011>; 1 drivers
v0x14a1d80_0 .net *"_s66", 0 0, L_0x14b4440; 1 drivers
v0x14a2030_0 .net *"_s68", 0 0, L_0x14b3920; 1 drivers
v0x14a1f10_0 .net *"_s70", 3 0, L_0x14b48f0; 1 drivers
v0x14a1fb0_0 .net *"_s73", 0 0, C4<0>; 1 drivers
v0x14a21f0_0 .net *"_s74", 3 0, C4<0101>; 1 drivers
v0x14a2270_0 .net *"_s76", 0 0, L_0x14b4700; 1 drivers
v0x14a20b0_0 .net *"_s78", 0 0, L_0x14b4c50; 1 drivers
v0x14a2150_0 .net/s *"_s8", 0 0, C4<1>; 1 drivers
v0x14a2450_0 .net *"_s80", 0 0, L_0x14b4d50; 1 drivers
v0x14a24d0_0 .net/s *"_s82", 0 0, C4<1>; 1 drivers
v0x14a22f0_0 .net/s *"_s84", 0 0, C4<0>; 1 drivers
v0x14a2390_0 .net *"_s88", 3 0, L_0x14b5090; 1 drivers
v0x14a26d0_0 .net *"_s91", 0 0, C4<0>; 1 drivers
v0x14a2750_0 .net *"_s92", 3 0, C4<0110>; 1 drivers
v0x14a2570_0 .net *"_s94", 0 0, L_0x14b4e80; 1 drivers
v0x14a2610_0 .net/s *"_s96", 0 0, C4<1>; 1 drivers
v0x14a2970_0 .net/s *"_s98", 0 0, C4<0>; 1 drivers
v0x14a29f0_0 .alias "clk", 0 0, v0x14abd10_0;
v0x14a27d0_0 .var "nextstate", 2 0;
v0x14a2870_0 .net "q0", 0 0, L_0x14b5600; 1 drivers
v0x14a2c30_0 .alias "start", 0 0, v0x14abe10_0;
v0x14a2cb0_0 .var "state", 2 0;
E_0x14a0030 .event edge, v0x14a2cb0_0;
E_0x14a06c0 .event posedge, v0x14a2c30_0, v0x149d510_0;
L_0x14b31f0 .concat [ 3 1 0 0], v0x14a2cb0_0, C4<0>;
L_0x14b3290 .cmp/eq 4, L_0x14b31f0, C4<0000>;
L_0x14b3330 .functor MUXZ 1, C4<0>, C4<1>, L_0x14b3290, C4<>;
L_0x14b3470 .concat [ 3 1 0 0], v0x14a2cb0_0, C4<0>;
L_0x14b3670 .cmp/eq 4, L_0x14b3470, C4<0010>;
L_0x14b37b0 .concat [ 3 1 0 0], v0x14a2cb0_0, C4<0>;
L_0x14b3980 .cmp/eq 4, L_0x14b37b0, C4<0100>;
L_0x14b3bf0 .functor MUXZ 1, C4<0>, C4<1>, L_0x14b3a70, C4<>;
L_0x14b3dd0 .concat [ 3 1 0 0], v0x14a2cb0_0, C4<0>;
L_0x14b3f40 .cmp/eq 4, L_0x14b3dd0, C4<0000>;
L_0x14b4190 .functor MUXZ 1, C4<0>, C4<1>, L_0x14b3f40, C4<>;
L_0x14b42d0 .concat [ 3 1 0 0], v0x14a2cb0_0, C4<0>;
L_0x14b44e0 .cmp/eq 4, L_0x14b42d0, C4<0001>;
L_0x14b45d0 .concat [ 3 1 0 0], v0x14a2cb0_0, C4<0>;
L_0x14b4440 .cmp/eq 4, L_0x14b45d0, C4<0011>;
L_0x14b48f0 .concat [ 3 1 0 0], v0x14a2cb0_0, C4<0>;
L_0x14b4700 .cmp/eq 4, L_0x14b48f0, C4<0101>;
L_0x14b4af0 .functor MUXZ 1, C4<0>, C4<1>, L_0x14b4d50, C4<>;
L_0x14b5090 .concat [ 3 1 0 0], v0x14a2cb0_0, C4<0>;
L_0x14b4e80 .cmp/eq 4, L_0x14b5090, C4<0110>;
L_0x14b5240 .functor MUXZ 1, C4<0>, C4<1>, L_0x14b4e80, C4<>;
S_0x147f760 .scope module, "Q" "regQ" 3 18, 8 1, S_0x14751e0;
 .timescale -9 -11;
L_0x14b5740 .functor OR 1, L_0x14b3330, L_0x14b3bf0, C4<0>, C4<0>;
v0x149fe30_0 .alias "CargaQ", 0 0, v0x14ab790_0;
v0x149feb0_0 .alias "DesplazaQ", 0 0, v0x14ab920_0;
v0x149ff30_0 .alias "clk", 0 0, v0x14abd10_0;
v0x149ffb0_0 .net "enable", 0 0, L_0x14b5740; 1 drivers
v0x14a0060_0 .alias "entQ", 2 0, v0x14abc90_0;
v0x14a00e0_0 .alias "q", 2 0, v0x14abbc0_0;
v0x14a0160_0 .net "reset", 0 0, C4<0>; 1 drivers
L_0x14b5af0 .part v0x14ac140_0, 0, 1;
L_0x14b5b90 .part RS_0x7fddb3a91528, 1, 1;
L_0x14b5c30 .part/pv v0x149f7d0_0, 0, 1, 3;
L_0x14b6070 .part v0x14ac140_0, 1, 1;
L_0x14b61a0 .part RS_0x7fddb3a91528, 2, 1;
L_0x14b6240 .part/pv v0x149e720_0, 1, 1, 3;
L_0x14b6700 .part v0x14ac140_0, 2, 1;
L_0x14b67e0 .part/pv v0x149d660_0, 2, 1, 3;
S_0x149ed50 .scope module, "ff0" "cdaff" 8 7, 8 13, S_0x147f760;
 .timescale -9 -11;
v0x149f990_0 .alias "carga", 0 0, v0x149ffb0_0;
v0x149fa10_0 .alias "clk", 0 0, v0x14abd10_0;
v0x149fa90_0 .net "inp", 0 0, L_0x14b59f0; 1 drivers
v0x149fb10_0 .net "inp_c", 0 0, L_0x14b5af0; 1 drivers
v0x149fbc0_0 .net "inp_d", 0 0, L_0x14b5b90; 1 drivers
v0x149fc70_0 .net "q", 0 0, v0x149f7d0_0; 1 drivers
v0x149fd30_0 .alias "reset", 0 0, v0x14a0160_0;
v0x149fdb0_0 .alias "selc_d", 0 0, v0x14ab790_0;
S_0x149f380 .scope module, "ff0" "ffdc" 8 15, 6 1, S_0x149ed50;
 .timescale -9 -11;
P_0x149f478 .param/l "retardo" 6 1, +C4<01>;
v0x149f530_0 .alias "carga", 0 0, v0x149ffb0_0;
v0x149f640_0 .alias "clk", 0 0, v0x14abd10_0;
v0x149f750_0 .alias "d", 0 0, v0x149fa90_0;
v0x149f7d0_0 .var "q", 0 0;
v0x149f880_0 .alias "reset", 0 0, v0x14a0160_0;
S_0x149ee40 .scope module, "mux0" "mux2_1_i1" 8 16, 8 20, S_0x149ed50;
 .timescale -9 -11;
L_0x14b5830 .functor NOT 1, L_0x14b3330, C4<0>, C4<0>, C4<0>;
L_0x14b5890 .functor AND 1, L_0x14b5b90, L_0x14b5830, C4<1>, C4<1>;
L_0x14b5940 .functor AND 1, L_0x14b5af0, L_0x14b3330, C4<1>, C4<1>;
L_0x14b59f0 .functor OR 1, L_0x14b5890, L_0x14b5940, C4<0>, C4<0>;
v0x149ef30_0 .alias "a", 0 0, v0x149fbc0_0;
v0x149efb0_0 .alias "b", 0 0, v0x149fb10_0;
v0x149f030_0 .alias "out", 0 0, v0x149fa90_0;
v0x149f0b0_0 .alias "s", 0 0, v0x14ab790_0;
v0x149f1c0_0 .net "s_n", 0 0, L_0x14b5830; 1 drivers
v0x149f240_0 .net "sa", 0 0, L_0x14b5890; 1 drivers
v0x149f2e0_0 .net "sb", 0 0, L_0x14b5940; 1 drivers
S_0x149ddb0 .scope module, "ff1" "cdaff" 8 8, 8 13, S_0x147f760;
 .timescale -9 -11;
v0x149e870_0 .alias "carga", 0 0, v0x149ffb0_0;
v0x149e8f0_0 .alias "clk", 0 0, v0x14abd10_0;
v0x149e970_0 .net "inp", 0 0, L_0x14b5f70; 1 drivers
v0x149ea40_0 .net "inp_c", 0 0, L_0x14b6070; 1 drivers
v0x149eac0_0 .net "inp_d", 0 0, L_0x14b61a0; 1 drivers
v0x149eb40_0 .net "q", 0 0, v0x149e720_0; 1 drivers
v0x149ec00_0 .alias "reset", 0 0, v0x14a0160_0;
v0x149ec80_0 .alias "selc_d", 0 0, v0x14ab790_0;
S_0x149e390 .scope module, "ff0" "ffdc" 8 15, 6 1, S_0x149ddb0;
 .timescale -9 -11;
P_0x149e488 .param/l "retardo" 6 1, +C4<01>;
v0x149e500_0 .alias "carga", 0 0, v0x149ffb0_0;
v0x149e5d0_0 .alias "clk", 0 0, v0x14abd10_0;
v0x149e6a0_0 .alias "d", 0 0, v0x149e970_0;
v0x149e720_0 .var "q", 0 0;
v0x149e7a0_0 .alias "reset", 0 0, v0x14a0160_0;
S_0x149dea0 .scope module, "mux0" "mux2_1_i1" 8 16, 8 20, S_0x149ddb0;
 .timescale -9 -11;
L_0x14b5d60 .functor NOT 1, L_0x14b3330, C4<0>, C4<0>, C4<0>;
L_0x14b5dc0 .functor AND 1, L_0x14b61a0, L_0x14b5d60, C4<1>, C4<1>;
L_0x14b5ec0 .functor AND 1, L_0x14b6070, L_0x14b3330, C4<1>, C4<1>;
L_0x14b5f70 .functor OR 1, L_0x14b5dc0, L_0x14b5ec0, C4<0>, C4<0>;
v0x149df90_0 .alias "a", 0 0, v0x149eac0_0;
v0x149e010_0 .alias "b", 0 0, v0x149ea40_0;
v0x149e090_0 .alias "out", 0 0, v0x149e970_0;
v0x149e110_0 .alias "s", 0 0, v0x14ab790_0;
v0x149e210_0 .net "s_n", 0 0, L_0x14b5d60; 1 drivers
v0x149e290_0 .net "sa", 0 0, L_0x14b5dc0; 1 drivers
v0x149e310_0 .net "sb", 0 0, L_0x14b5ec0; 1 drivers
S_0x147edc0 .scope module, "ff2" "cdaff" 8 9, 8 13, S_0x147f760;
 .timescale -9 -11;
v0x149d790_0 .alias "carga", 0 0, v0x149ffb0_0;
v0x149d860_0 .alias "clk", 0 0, v0x14abd10_0;
v0x149d910_0 .net "inp", 0 0, L_0x14ab810; 1 drivers
v0x149d9e0_0 .net "inp_c", 0 0, L_0x14b6700; 1 drivers
v0x149da90_0 .net "inp_d", 0 0, C4<0>; 1 drivers
v0x149db40_0 .net "q", 0 0, v0x149d660_0; 1 drivers
v0x149dc00_0 .alias "reset", 0 0, v0x14a0160_0;
v0x149dcb0_0 .alias "selc_d", 0 0, v0x14ab790_0;
S_0x149d280 .scope module, "ff0" "ffdc" 8 15, 6 1, S_0x147edc0;
 .timescale -9 -11;
P_0x149d378 .param/l "retardo" 6 1, +C4<01>;
v0x149d450_0 .alias "carga", 0 0, v0x149ffb0_0;
v0x149d510_0 .alias "clk", 0 0, v0x14abd10_0;
v0x149d5b0_0 .alias "d", 0 0, v0x149d910_0;
v0x149d660_0 .var "q", 0 0;
v0x149d710_0 .alias "reset", 0 0, v0x14a0160_0;
E_0x149d030 .event posedge, v0x149d710_0, v0x149d510_0;
S_0x1470ae0 .scope module, "mux0" "mux2_1_i1" 8 16, 8 20, S_0x147edc0;
 .timescale -9 -11;
L_0x14b62e0 .functor NOT 1, L_0x14b3330, C4<0>, C4<0>, C4<0>;
L_0x14b6340 .functor AND 1, C4<0>, L_0x14b62e0, C4<1>, C4<1>;
L_0x14b6440 .functor AND 1, L_0x14b6700, L_0x14b3330, C4<1>, C4<1>;
L_0x14ab810 .functor OR 1, L_0x14b6340, L_0x14b6440, C4<0>, C4<0>;
v0x1449560_0 .alias "a", 0 0, v0x149da90_0;
v0x149ce70_0 .alias "b", 0 0, v0x149d9e0_0;
v0x149cf10_0 .alias "out", 0 0, v0x149d910_0;
v0x149cfb0_0 .alias "s", 0 0, v0x14ab790_0;
v0x149d060_0 .net "s_n", 0 0, L_0x14b62e0; 1 drivers
v0x149d100_0 .net "sa", 0 0, L_0x14b6340; 1 drivers
v0x149d1e0_0 .net "sb", 0 0, L_0x14b6440; 1 drivers
    .scope S_0x14a3be0;
T_0 ;
    %wait E_0x14a0980;
    %load/v 8, v0x14a4070_0, 1;
    %jmp/0xz  T_0.0, 8;
    %ix/load 0, 1, 0;
    %assign/v0 v0x14a3fc0_0, 100, 0;
    %jmp T_0.1;
T_0.0 ;
    %load/v 8, v0x14a3d90_0, 1;
    %jmp/0xz  T_0.2, 8;
    %load/v 8, v0x14a3f20_0, 1;
    %ix/load 0, 1, 0;
    %assign/v0 v0x14a3fc0_0, 100, 8;
T_0.2 ;
T_0.1 ;
    %jmp T_0;
    .thread T_0;
    .scope S_0x14a3790;
T_1 ;
    %wait E_0x14a0980;
    %load/v 8, v0x14a3b60_0, 1;
    %jmp/0xz  T_1.0, 8;
    %ix/load 0, 1, 0;
    %assign/v0 v0x14a3ae0_0, 100, 0;
    %jmp T_1.1;
T_1.0 ;
    %load/v 8, v0x14a3940_0, 1;
    %jmp/0xz  T_1.2, 8;
    %load/v 8, v0x14a3a40_0, 1;
    %ix/load 0, 1, 0;
    %assign/v0 v0x14a3ae0_0, 100, 8;
T_1.2 ;
T_1.1 ;
    %jmp T_1;
    .thread T_1;
    .scope S_0x14a3360;
T_2 ;
    %wait E_0x14a0980;
    %load/v 8, v0x14a3710_0, 1;
    %jmp/0xz  T_2.0, 8;
    %ix/load 0, 1, 0;
    %assign/v0 v0x14a3690_0, 100, 0;
    %jmp T_2.1;
T_2.0 ;
    %load/v 8, v0x14a34f0_0, 1;
    %jmp/0xz  T_2.2, 8;
    %load/v 8, v0x14a35f0_0, 1;
    %ix/load 0, 1, 0;
    %assign/v0 v0x14a3690_0, 100, 8;
T_2.2 ;
T_2.1 ;
    %jmp T_2;
    .thread T_2;
    .scope S_0x14a2f00;
T_3 ;
    %wait E_0x14a0980;
    %load/v 8, v0x14a32b0_0, 1;
    %jmp/0xz  T_3.0, 8;
    %ix/load 0, 1, 0;
    %assign/v0 v0x14a3200_0, 100, 0;
    %jmp T_3.1;
T_3.0 ;
    %load/v 8, v0x14a2ff0_0, 1;
    %jmp/0xz  T_3.2, 8;
    %load/v 8, v0x149f6c0_0, 1;
    %ix/load 0, 1, 0;
    %assign/v0 v0x14a3200_0, 100, 8;
T_3.2 ;
T_3.1 ;
    %jmp T_3;
    .thread T_3;
    .scope S_0x14a01e0;
T_4 ;
    %wait E_0x14a06c0;
    %load/v 8, v0x14a2c30_0, 1;
    %jmp/0xz  T_4.0, 8;
    %ix/load 0, 3, 0;
    %assign/v0 v0x14a2cb0_0, 0, 0;
    %jmp T_4.1;
T_4.0 ;
    %load/v 8, v0x14a27d0_0, 3;
    %ix/load 0, 3, 0;
    %assign/v0 v0x14a2cb0_0, 0, 8;
T_4.1 ;
    %jmp T_4;
    .thread T_4;
    .scope S_0x14a01e0;
T_5 ;
    %wait E_0x14a0030;
    %load/v 8, v0x14a2cb0_0, 3;
    %cmpi/u 8, 0, 3;
    %jmp/1 T_5.0, 6;
    %cmpi/u 8, 1, 3;
    %jmp/1 T_5.1, 6;
    %cmpi/u 8, 2, 3;
    %jmp/1 T_5.2, 6;
    %cmpi/u 8, 3, 3;
    %jmp/1 T_5.3, 6;
    %cmpi/u 8, 4, 3;
    %jmp/1 T_5.4, 6;
    %cmpi/u 8, 5, 3;
    %jmp/1 T_5.5, 6;
    %cmpi/u 8, 6, 3;
    %jmp/1 T_5.6, 6;
    %set/v v0x14a27d0_0, 0, 3;
    %jmp T_5.8;
T_5.0 ;
    %movi 8, 1, 3;
    %set/v v0x14a27d0_0, 8, 3;
    %jmp T_5.8;
T_5.1 ;
    %movi 8, 2, 3;
    %set/v v0x14a27d0_0, 8, 3;
    %jmp T_5.8;
T_5.2 ;
    %movi 8, 3, 3;
    %set/v v0x14a27d0_0, 8, 3;
    %jmp T_5.8;
T_5.3 ;
    %movi 8, 4, 3;
    %set/v v0x14a27d0_0, 8, 3;
    %jmp T_5.8;
T_5.4 ;
    %movi 8, 5, 3;
    %set/v v0x14a27d0_0, 8, 3;
    %jmp T_5.8;
T_5.5 ;
    %movi 8, 6, 3;
    %set/v v0x14a27d0_0, 8, 3;
    %jmp T_5.8;
T_5.6 ;
    %movi 8, 6, 3;
    %set/v v0x14a27d0_0, 8, 3;
    %jmp T_5.8;
T_5.8 ;
    %jmp T_5;
    .thread T_5, $push;
    .scope S_0x149f380;
T_6 ;
    %wait E_0x149d030;
    %load/v 8, v0x149f880_0, 1;
    %jmp/0xz  T_6.0, 8;
    %ix/load 0, 1, 0;
    %assign/v0 v0x149f7d0_0, 100, 0;
    %jmp T_6.1;
T_6.0 ;
    %load/v 8, v0x149f530_0, 1;
    %jmp/0xz  T_6.2, 8;
    %load/v 8, v0x149f750_0, 1;
    %ix/load 0, 1, 0;
    %assign/v0 v0x149f7d0_0, 100, 8;
T_6.2 ;
T_6.1 ;
    %jmp T_6;
    .thread T_6;
    .scope S_0x149e390;
T_7 ;
    %wait E_0x149d030;
    %load/v 8, v0x149e7a0_0, 1;
    %jmp/0xz  T_7.0, 8;
    %ix/load 0, 1, 0;
    %assign/v0 v0x149e720_0, 100, 0;
    %jmp T_7.1;
T_7.0 ;
    %load/v 8, v0x149e500_0, 1;
    %jmp/0xz  T_7.2, 8;
    %load/v 8, v0x149e6a0_0, 1;
    %ix/load 0, 1, 0;
    %assign/v0 v0x149e720_0, 100, 8;
T_7.2 ;
T_7.1 ;
    %jmp T_7;
    .thread T_7;
    .scope S_0x149d280;
T_8 ;
    %wait E_0x149d030;
    %load/v 8, v0x149d710_0, 1;
    %jmp/0xz  T_8.0, 8;
    %ix/load 0, 1, 0;
    %assign/v0 v0x149d660_0, 100, 0;
    %jmp T_8.1;
T_8.0 ;
    %load/v 8, v0x149d450_0, 1;
    %jmp/0xz  T_8.2, 8;
    %load/v 8, v0x149d5b0_0, 1;
    %ix/load 0, 1, 0;
    %assign/v0 v0x149d660_0, 100, 8;
T_8.2 ;
T_8.1 ;
    %jmp T_8;
    .thread T_8;
    .scope S_0x147eff0;
T_9 ;
    %set/v v0x14abec0_0, 1, 1;
    %delay 2000, 0;
    %set/v v0x14abec0_0, 0, 1;
    %delay 5000, 0;
    %jmp T_9;
    .thread T_9;
    .scope S_0x147eff0;
T_10 ;
    %vpi_call 2 29 "$monitor", "tiempo=%0d Valor=%b start=%b clk=%b Cuenta=%b fin=%b", $time, v0x14ac140_0, v0x14ac070_0, v0x14abec0_0, v0x14abf40_0, v0x14abff0_0;
    %vpi_call 2 30 "$dumpfile", "ejecutable.vcd";
    %vpi_call 2 31 "$dumpvars";
    %set/v v0x14ac070_0, 1, 1;
    %delay 500, 0;
    %set/v v0x14ac070_0, 0, 1;
    %delay 500, 0;
    %set/v v0x14ac140_0, 1, 3;
    %delay 45000, 0;
    %vpi_call 2 41 "$finish";
    %end;
    .thread T_10;
# The file index is used to find the file name in the following table.
:file_names 9;
    "N/A";
    "<interactive>";
    "cuenta1_estados_tb.v";
    "cuenta1_estados.v";
    "./sum4.v";
    "./regA.v";
    "./ffdc.v";
    "./uc_estados.v";
    "./regQ.v";
