#! /usr/bin/vvp
:ivl_version "0.9.7 " "(v0_9_7)";
:vpi_time_precision - 11;
:vpi_module "system";
:vpi_module "v2005_math";
:vpi_module "va_math";
S_0x25c9ff0 .scope module, "cuenta1_cableada_tb" "cuenta1_cableada_tb" 2 3;
 .timescale -9 -11;
v0x25f5250_0 .var "clk", 0 0;
v0x25f52d0_0 .net "cuenta", 3 0, L_0x25f1970; 1 drivers
v0x25f5350_0 .net "fin", 0 0, L_0x25fcfb0; 1 drivers
v0x25f5420_0 .var "start", 0 0;
v0x25f54a0_0 .var "valor", 2 0;
S_0x25c1890 .scope module, "cuenta1" "cuenta1_cableada" 2 12, 3 9, S_0x25c9ff0;
 .timescale -9 -11;
RS_0x7feb95050a08 .resolv tri, L_0x25fc020, L_0x25fc380, L_0x25fc4c0, L_0x25fc600;
L_0x25f1970 .functor BUFZ 4, RS_0x7feb95050a08, C4<0000>, C4<0000>, C4<0000>;
v0x25f4ad0_0 .net "CargaA", 0 0, L_0x25fcf00; 1 drivers
v0x25f4b50_0 .net "CargaQ", 0 0, L_0x25fc7e0; 1 drivers
v0x25e9cb0_0 .alias "Cuenta", 3 0, v0x25f52d0_0;
v0x25f4ce0_0 .net "DesplazaQ", 0 0, L_0x25fa5d0; 1 drivers
RS_0x7feb950509d8 .resolv tri, L_0x25f9d00, L_0x25fa530, L_0x25faf60, L_0x25fb900;
v0x25f4d60_0 .net8 "EntA", 3 0, RS_0x7feb950509d8; 4 drivers
v0x25f4e30_0 .net "ResetA", 0 0, L_0x25fc9c0; 1 drivers
v0x25f4eb0_0 .net8 "SalA", 3 0, RS_0x7feb95050a08; 4 drivers
RS_0x7feb95050528 .resolv tri, L_0x25fd6d0, L_0x25fdce0, L_0x25fe280, C4<zzz>;
v0x25f4f80_0 .net8 "SalQ", 2 0, RS_0x7feb95050528; 3 drivers
v0x25f5050_0 .net "Valor", 2 0, v0x25f54a0_0; 1 drivers
v0x25f50d0_0 .net "clk", 0 0, v0x25f5250_0; 1 drivers
v0x25f5150_0 .alias "fin", 0 0, v0x25f5350_0;
v0x25f51d0_0 .net "start", 0 0, v0x25f5420_0; 1 drivers
L_0x25fd0a0 .part RS_0x7feb95050528, 0, 1;
S_0x25ed830 .scope module, "sum" "sum4" 3 17, 4 2, S_0x25c1890;
 .timescale -9 -11;
v0x25f3b40_0 .alias "A", 3 0, v0x25f4eb0_0;
v0x25f3be0_0 .net "B", 3 0, C4<0001>; 1 drivers
RS_0x7feb950511b8 .resolv tri, L_0x25f55c0, L_0x25f5a90, L_0x25f6480, L_0x25f7710;
v0x25f3c60_0 .net8 "C", 4 1, RS_0x7feb950511b8; 4 drivers
v0x25f3ff0_0 .alias "S", 3 0, v0x25f4d60_0;
v0x25f4070_0 .net "c1", 0 0, L_0x25f9a70; 1 drivers
v0x25f4120_0 .net "c2", 0 0, L_0x25fa2a0; 1 drivers
v0x25f41a0_0 .net "c3", 0 0, L_0x25facd0; 1 drivers
v0x25f4250_0 .net "c4", 0 0, L_0x25fb5f0; 1 drivers
v0x25f4350_0 .net "c_in", 0 0, C4<0>; 1 drivers
v0x25f43d0_0 .net "c_out", 0 0, L_0x25fbe40; 1 drivers
v0x25f4450_0 .net "g0", 0 0, L_0x25f9ca0; 1 drivers
v0x25f4500_0 .net "g1", 0 0, L_0x25fa4d0; 1 drivers
v0x25f45b0_0 .net "g2", 0 0, L_0x25faf00; 1 drivers
v0x25f4660_0 .net "g3", 0 0, L_0x25fb880; 1 drivers
v0x25f4790_0 .net "p0", 0 0, L_0x25f9b20; 1 drivers
v0x25f4840_0 .net "p1", 0 0, L_0x25fa350; 1 drivers
v0x25f46e0_0 .net "p2", 0 0, L_0x25fad80; 1 drivers
v0x25f49b0_0 .net "p3", 0 0, L_0x25fb6e0; 1 drivers
L_0x25f9090 .concat [ 1 1 1 1], L_0x25f9ca0, L_0x25fa4d0, L_0x25faf00, L_0x25fb880;
L_0x25f94c0 .concat [ 1 1 1 1], L_0x25f9b20, L_0x25fa350, L_0x25fad80, L_0x25fb6e0;
L_0x25f9d00 .part/pv L_0x25f9850, 0, 1, 4;
L_0x25f9da0 .part RS_0x7feb95050a08, 0, 1;
L_0x25f9ed0 .part C4<0001>, 0, 1;
L_0x25fa530 .part/pv L_0x25fa030, 1, 1, 4;
L_0x25fa6a0 .part RS_0x7feb95050a08, 1, 1;
L_0x25fa740 .part C4<0001>, 1, 1;
L_0x25fa7e0 .part RS_0x7feb950511b8, 0, 1;
L_0x25faf60 .part/pv L_0x25faa60, 2, 1, 4;
L_0x25fb060 .part RS_0x7feb95050a08, 2, 1;
L_0x25fb100 .part C4<0001>, 2, 1;
L_0x25fb1a0 .part RS_0x7feb950511b8, 1, 1;
L_0x25fb900 .part/pv L_0x25fb3b0, 3, 1, 4;
L_0x25fb9a0 .part RS_0x7feb95050a08, 3, 1;
L_0x25fba40 .part C4<0001>, 3, 1;
L_0x25fbc00 .part RS_0x7feb950511b8, 2, 1;
L_0x25fbe40 .part RS_0x7feb950511b8, 3, 1;
S_0x25f12b0 .scope module, "cla" "cla_4" 4 6, 4 34, S_0x25ed830;
 .timescale -9 -11;
L_0x25f5820 .functor AND 1, L_0x25f5750, C4<0>, C4<1>, C4<1>;
L_0x25f5990 .functor OR 1, L_0x25f56b0, L_0x25f5820, C4<0>, C4<0>;
L_0x25f5db0 .functor AND 1, L_0x25f5c20, L_0x25f5d10, C4<1>, C4<1>;
L_0x25f5eb0 .functor OR 1, L_0x25f5b30, L_0x25f5db0, C4<0>, C4<0>;
L_0x25f61d0 .functor AND 1, L_0x25f5fb0, L_0x25f60a0, C4<1>, C4<1>;
L_0x25f6280 .functor AND 1, L_0x25f61d0, C4<0>, C4<1>, C4<1>;
L_0x25f6330 .functor OR 1, L_0x25f5eb0, L_0x25f6280, C4<0>, C4<0>;
L_0x25f65b0 .functor AND 1, L_0x25f6740, L_0x25f6850, C4<1>, C4<1>;
L_0x25f68f0 .functor OR 1, L_0x25f6610, L_0x25f65b0, C4<0>, C4<0>;
L_0x25f6bb0 .functor AND 1, L_0x25f69f0, L_0x25f6b10, C4<1>, C4<1>;
L_0x25f6e40 .functor AND 1, L_0x25f6bb0, L_0x25f6d10, C4<1>, C4<1>;
L_0x25f6ef0 .functor OR 1, L_0x25f68f0, L_0x25f6e40, C4<0>, C4<0>;
L_0x25f6cb0 .functor AND 1, L_0x25f6ff0, L_0x25f71a0, C4<1>, C4<1>;
L_0x25f7380 .functor AND 1, L_0x25f6cb0, L_0x25f72e0, C4<1>, C4<1>;
L_0x25f7480 .functor AND 1, L_0x25f7380, C4<0>, C4<1>, C4<1>;
L_0x25f7530 .functor OR 1, L_0x25f6ef0, L_0x25f7480, C4<0>, C4<0>;
L_0x25f66b0 .functor AND 1, L_0x25f7860, L_0x25f77b0, C4<1>, C4<1>;
L_0x25f7b70 .functor OR 1, L_0x25f7240, L_0x25f66b0, C4<0>, C4<0>;
L_0x25f7680 .functor AND 1, L_0x25f7d10, L_0x25f7900, C4<1>, C4<1>;
L_0x25f7db0 .functor AND 1, L_0x25f7680, L_0x25f7f20, C4<1>, C4<1>;
L_0x25f7c70 .functor OR 1, L_0x25f7b70, L_0x25f7db0, C4<0>, C4<0>;
L_0x25f7fc0 .functor AND 1, L_0x25f8240, L_0x25f82e0, C4<1>, C4<1>;
L_0x25f7090 .functor AND 1, L_0x25f7fc0, L_0x25f80f0, C4<1>, C4<1>;
L_0x25f8380 .functor AND 1, L_0x25f7090, L_0x25f8790, C4<1>, C4<1>;
L_0x25f84c0 .functor OR 1, L_0x25f7c70, L_0x25f8380, C4<0>, C4<0>;
L_0x25f8830 .functor AND 1, L_0x25f8aa0, L_0x25f8b40, C4<1>, C4<1>;
L_0x25f8dd0 .functor AND 1, L_0x25f8830, L_0x25f8980, C4<1>, C4<1>;
L_0x25f8be0 .functor AND 1, L_0x25f8dd0, L_0x25f8ed0, C4<1>, C4<1>;
L_0x25f8cf0 .functor AND 1, L_0x25f8be0, C4<0>, C4<1>, C4<1>;
L_0x25f9180 .functor OR 1, L_0x25f84c0, L_0x25f8cf0, C4<0>, C4<0>;
v0x25f13a0_0 .alias "C", 4 1, v0x25f3c60_0;
v0x25f1420_0 .net "G", 3 0, L_0x25f9090; 1 drivers
v0x25f14a0_0 .net "P", 3 0, L_0x25f94c0; 1 drivers
v0x25f1520_0 .net *"_s101", 0 0, L_0x25f80f0; 1 drivers
v0x25f15a0_0 .net *"_s102", 0 0, L_0x25f7090; 1 drivers
v0x25f1620_0 .net *"_s105", 0 0, L_0x25f8790; 1 drivers
v0x25f16c0_0 .net *"_s106", 0 0, L_0x25f8380; 1 drivers
v0x25f1760_0 .net *"_s108", 0 0, L_0x25f84c0; 1 drivers
v0x25f1850_0 .net *"_s111", 0 0, L_0x25f8aa0; 1 drivers
v0x25f18f0_0 .net *"_s113", 0 0, L_0x25f8b40; 1 drivers
v0x25f19f0_0 .net *"_s114", 0 0, L_0x25f8830; 1 drivers
v0x25f1a90_0 .net *"_s117", 0 0, L_0x25f8980; 1 drivers
v0x25f1b30_0 .net *"_s118", 0 0, L_0x25f8dd0; 1 drivers
v0x25f1bd0_0 .net *"_s121", 0 0, L_0x25f8ed0; 1 drivers
v0x25f1cf0_0 .net *"_s122", 0 0, L_0x25f8be0; 1 drivers
v0x25f1d90_0 .net *"_s124", 0 0, L_0x25f8cf0; 1 drivers
v0x25f1c50_0 .net *"_s126", 0 0, L_0x25f9180; 1 drivers
v0x25f1ee0_0 .net *"_s13", 0 0, L_0x25f5b30; 1 drivers
v0x25f2000_0 .net *"_s15", 0 0, L_0x25f5c20; 1 drivers
v0x25f2080_0 .net *"_s17", 0 0, L_0x25f5d10; 1 drivers
v0x25f1f60_0 .net *"_s18", 0 0, L_0x25f5db0; 1 drivers
v0x25f21b0_0 .net *"_s20", 0 0, L_0x25f5eb0; 1 drivers
v0x25f2100_0 .net *"_s23", 0 0, L_0x25f5fb0; 1 drivers
v0x25f22f0_0 .net *"_s25", 0 0, L_0x25f60a0; 1 drivers
v0x25f2250_0 .net *"_s26", 0 0, L_0x25f61d0; 1 drivers
v0x25f2440_0 .net *"_s28", 0 0, L_0x25f6280; 1 drivers
v0x25f2390_0 .net *"_s3", 0 0, L_0x25f56b0; 1 drivers
v0x25f25a0_0 .net *"_s30", 0 0, L_0x25f6330; 1 drivers
v0x25f24e0_0 .net *"_s35", 0 0, L_0x25f6610; 1 drivers
v0x25f2710_0 .net *"_s37", 0 0, L_0x25f6740; 1 drivers
v0x25f2620_0 .net *"_s39", 0 0, L_0x25f6850; 1 drivers
v0x25f2890_0 .net *"_s40", 0 0, L_0x25f65b0; 1 drivers
v0x25f2790_0 .net *"_s42", 0 0, L_0x25f68f0; 1 drivers
v0x25f2a20_0 .net *"_s45", 0 0, L_0x25f69f0; 1 drivers
v0x25f2910_0 .net *"_s47", 0 0, L_0x25f6b10; 1 drivers
v0x25f2bc0_0 .net *"_s48", 0 0, L_0x25f6bb0; 1 drivers
v0x25f2aa0_0 .net *"_s5", 0 0, L_0x25f5750; 1 drivers
v0x25f2b40_0 .net *"_s51", 0 0, L_0x25f6d10; 1 drivers
v0x25f2d80_0 .net *"_s52", 0 0, L_0x25f6e40; 1 drivers
v0x25f2e00_0 .net *"_s54", 0 0, L_0x25f6ef0; 1 drivers
v0x25f2c40_0 .net *"_s57", 0 0, L_0x25f6ff0; 1 drivers
v0x25f2ce0_0 .net *"_s59", 0 0, L_0x25f71a0; 1 drivers
v0x25f2fe0_0 .net *"_s6", 0 0, L_0x25f5820; 1 drivers
v0x25f3060_0 .net *"_s60", 0 0, L_0x25f6cb0; 1 drivers
v0x25f2e80_0 .net *"_s63", 0 0, L_0x25f72e0; 1 drivers
v0x25f2f20_0 .net *"_s64", 0 0, L_0x25f7380; 1 drivers
v0x25f3260_0 .net *"_s66", 0 0, L_0x25f7480; 1 drivers
v0x25f32e0_0 .net *"_s68", 0 0, L_0x25f7530; 1 drivers
v0x25f3100_0 .net *"_s73", 0 0, L_0x25f7240; 1 drivers
v0x25f31a0_0 .net *"_s75", 0 0, L_0x25f7860; 1 drivers
v0x25f3500_0 .net *"_s77", 0 0, L_0x25f77b0; 1 drivers
v0x25f3580_0 .net *"_s78", 0 0, L_0x25f66b0; 1 drivers
v0x25f3380_0 .net *"_s8", 0 0, L_0x25f5990; 1 drivers
v0x25f3420_0 .net *"_s80", 0 0, L_0x25f7b70; 1 drivers
v0x25f37c0_0 .net *"_s83", 0 0, L_0x25f7d10; 1 drivers
v0x25f3840_0 .net *"_s85", 0 0, L_0x25f7900; 1 drivers
v0x25f3600_0 .net *"_s86", 0 0, L_0x25f7680; 1 drivers
v0x25f36a0_0 .net *"_s89", 0 0, L_0x25f7f20; 1 drivers
v0x25f3740_0 .net *"_s90", 0 0, L_0x25f7db0; 1 drivers
v0x25f3ac0_0 .net *"_s92", 0 0, L_0x25f7c70; 1 drivers
v0x25f38e0_0 .net *"_s95", 0 0, L_0x25f8240; 1 drivers
v0x25f3980_0 .net *"_s97", 0 0, L_0x25f82e0; 1 drivers
v0x25f3a20_0 .net *"_s98", 0 0, L_0x25f7fc0; 1 drivers
v0x25f3d60_0 .alias "c_in", 0 0, v0x25f4350_0;
L_0x25f55c0 .part/pv L_0x25f5990, 0, 1, 4;
L_0x25f56b0 .part L_0x25f9090, 0, 1;
L_0x25f5750 .part L_0x25f94c0, 0, 1;
L_0x25f5a90 .part/pv L_0x25f6330, 1, 1, 4;
L_0x25f5b30 .part L_0x25f9090, 1, 1;
L_0x25f5c20 .part L_0x25f94c0, 1, 1;
L_0x25f5d10 .part L_0x25f9090, 0, 1;
L_0x25f5fb0 .part L_0x25f94c0, 1, 1;
L_0x25f60a0 .part L_0x25f94c0, 0, 1;
L_0x25f6480 .part/pv L_0x25f7530, 2, 1, 4;
L_0x25f6610 .part L_0x25f9090, 2, 1;
L_0x25f6740 .part L_0x25f94c0, 2, 1;
L_0x25f6850 .part L_0x25f9090, 1, 1;
L_0x25f69f0 .part L_0x25f94c0, 2, 1;
L_0x25f6b10 .part L_0x25f94c0, 1, 1;
L_0x25f6d10 .part L_0x25f9090, 0, 1;
L_0x25f6ff0 .part L_0x25f94c0, 2, 1;
L_0x25f71a0 .part L_0x25f94c0, 1, 1;
L_0x25f72e0 .part L_0x25f94c0, 0, 1;
L_0x25f7710 .part/pv L_0x25f9180, 3, 1, 4;
L_0x25f7240 .part L_0x25f9090, 3, 1;
L_0x25f7860 .part L_0x25f94c0, 3, 1;
L_0x25f77b0 .part L_0x25f9090, 2, 1;
L_0x25f7d10 .part L_0x25f94c0, 3, 1;
L_0x25f7900 .part L_0x25f94c0, 2, 1;
L_0x25f7f20 .part L_0x25f9090, 1, 1;
L_0x25f8240 .part L_0x25f94c0, 3, 1;
L_0x25f82e0 .part L_0x25f94c0, 2, 1;
L_0x25f80f0 .part L_0x25f94c0, 1, 1;
L_0x25f8790 .part L_0x25f9090, 0, 1;
L_0x25f8aa0 .part L_0x25f94c0, 3, 1;
L_0x25f8b40 .part L_0x25f94c0, 2, 1;
L_0x25f8980 .part L_0x25f94c0, 1, 1;
L_0x25f8ed0 .part L_0x25f94c0, 0, 1;
S_0x25f0450 .scope module, "fa0" "fa_v3" 4 7, 4 15, S_0x25ed830;
 .timescale -9 -11;
L_0x25f9a70 .functor OR 1, L_0x25f97a0, L_0x25f9a10, C4<0>, C4<0>;
L_0x25f9b20 .functor OR 1, L_0x25f9da0, L_0x25f9ed0, C4<0>, C4<0>;
L_0x25f9ca0 .functor AND 1, L_0x25f9da0, L_0x25f9ed0, C4<1>, C4<1>;
v0x25f0be0_0 .net "a", 0 0, L_0x25f9da0; 1 drivers
v0x25f0c90_0 .net "b", 0 0, L_0x25f9ed0; 1 drivers
v0x25f0d40_0 .alias "c_in", 0 0, v0x25f4350_0;
v0x25f0df0_0 .alias "c_out", 0 0, v0x25f4070_0;
v0x25f0ea0_0 .net "carry1", 0 0, L_0x25f97a0; 1 drivers
v0x25f0f50_0 .net "carry2", 0 0, L_0x25f9a10; 1 drivers
v0x25f0fd0_0 .alias "g", 0 0, v0x25f4450_0;
v0x25f1050_0 .alias "p", 0 0, v0x25f4790_0;
v0x25f1120_0 .net "sum", 0 0, L_0x25f9850; 1 drivers
v0x25f11d0_0 .net "sum_par", 0 0, L_0x25f96a0; 1 drivers
S_0x25f0830 .scope module, "ha1" "ha_vr" 4 19, 4 27, S_0x25f0450;
 .timescale -9 -11;
L_0x25f96a0/d .functor XOR 1, L_0x25f9da0, L_0x25f9ed0, C4<0>, C4<0>;
L_0x25f96a0 .delay (100,100,100) L_0x25f96a0/d;
L_0x25f97a0/d .functor AND 1, L_0x25f9da0, L_0x25f9ed0, C4<1>, C4<1>;
L_0x25f97a0 .delay (100,100,100) L_0x25f97a0/d;
v0x25f0920_0 .alias "a", 0 0, v0x25f0be0_0;
v0x25f09c0_0 .alias "b", 0 0, v0x25f0c90_0;
v0x25f0a60_0 .alias "carry", 0 0, v0x25f0ea0_0;
v0x25f0b00_0 .alias "sum", 0 0, v0x25f11d0_0;
S_0x25f0540 .scope module, "ha2" "ha_vr" 4 20, 4 27, S_0x25f0450;
 .timescale -9 -11;
L_0x25f9850/d .functor XOR 1, C4<0>, L_0x25f96a0, C4<0>, C4<0>;
L_0x25f9850 .delay (100,100,100) L_0x25f9850/d;
L_0x25f9a10/d .functor AND 1, C4<0>, L_0x25f96a0, C4<1>, C4<1>;
L_0x25f9a10 .delay (100,100,100) L_0x25f9a10/d;
v0x25f0630_0 .alias "a", 0 0, v0x25f4350_0;
v0x25f06b0_0 .alias "b", 0 0, v0x25f11d0_0;
v0x25f0730_0 .alias "carry", 0 0, v0x25f0f50_0;
v0x25f07b0_0 .alias "sum", 0 0, v0x25f1120_0;
S_0x25ef5f0 .scope module, "fa1" "fa_v3" 4 8, 4 15, S_0x25ed830;
 .timescale -9 -11;
L_0x25fa2a0 .functor OR 1, L_0x25f9fd0, L_0x25fa200, C4<0>, C4<0>;
L_0x25fa350 .functor OR 1, L_0x25fa6a0, L_0x25fa740, C4<0>, C4<0>;
L_0x25fa4d0 .functor AND 1, L_0x25fa6a0, L_0x25fa740, C4<1>, C4<1>;
v0x25efd80_0 .net "a", 0 0, L_0x25fa6a0; 1 drivers
v0x25efe30_0 .net "b", 0 0, L_0x25fa740; 1 drivers
v0x25efee0_0 .net "c_in", 0 0, L_0x25fa7e0; 1 drivers
v0x25eff90_0 .alias "c_out", 0 0, v0x25f4120_0;
v0x25f0040_0 .net "carry1", 0 0, L_0x25f9fd0; 1 drivers
v0x25f00f0_0 .net "carry2", 0 0, L_0x25fa200; 1 drivers
v0x25f0170_0 .alias "g", 0 0, v0x25f4500_0;
v0x25f01f0_0 .alias "p", 0 0, v0x25f4840_0;
v0x25f02c0_0 .net "sum", 0 0, L_0x25fa030; 1 drivers
v0x25f0370_0 .net "sum_par", 0 0, L_0x25f9f70; 1 drivers
S_0x25ef9d0 .scope module, "ha1" "ha_vr" 4 19, 4 27, S_0x25ef5f0;
 .timescale -9 -11;
L_0x25f9f70/d .functor XOR 1, L_0x25fa6a0, L_0x25fa740, C4<0>, C4<0>;
L_0x25f9f70 .delay (100,100,100) L_0x25f9f70/d;
L_0x25f9fd0/d .functor AND 1, L_0x25fa6a0, L_0x25fa740, C4<1>, C4<1>;
L_0x25f9fd0 .delay (100,100,100) L_0x25f9fd0/d;
v0x25efac0_0 .alias "a", 0 0, v0x25efd80_0;
v0x25efb60_0 .alias "b", 0 0, v0x25efe30_0;
v0x25efc00_0 .alias "carry", 0 0, v0x25f0040_0;
v0x25efca0_0 .alias "sum", 0 0, v0x25f0370_0;
S_0x25ef6e0 .scope module, "ha2" "ha_vr" 4 20, 4 27, S_0x25ef5f0;
 .timescale -9 -11;
L_0x25fa030/d .functor XOR 1, L_0x25fa7e0, L_0x25f9f70, C4<0>, C4<0>;
L_0x25fa030 .delay (100,100,100) L_0x25fa030/d;
L_0x25fa200/d .functor AND 1, L_0x25fa7e0, L_0x25f9f70, C4<1>, C4<1>;
L_0x25fa200 .delay (100,100,100) L_0x25fa200/d;
v0x25ef7d0_0 .alias "a", 0 0, v0x25efee0_0;
v0x25ef850_0 .alias "b", 0 0, v0x25f0370_0;
v0x25ef8d0_0 .alias "carry", 0 0, v0x25f00f0_0;
v0x25ef950_0 .alias "sum", 0 0, v0x25f02c0_0;
S_0x25ee7e0 .scope module, "fa2" "fa_v3" 4 9, 4 15, S_0x25ed830;
 .timescale -9 -11;
L_0x25facd0 .functor OR 1, L_0x25fa970, L_0x25fac30, C4<0>, C4<0>;
L_0x25fad80 .functor OR 1, L_0x25fb060, L_0x25fb100, C4<0>, C4<0>;
L_0x25faf00 .functor AND 1, L_0x25fb060, L_0x25fb100, C4<1>, C4<1>;
v0x25eef70_0 .net "a", 0 0, L_0x25fb060; 1 drivers
v0x25ef020_0 .net "b", 0 0, L_0x25fb100; 1 drivers
v0x25ef0d0_0 .net "c_in", 0 0, L_0x25fb1a0; 1 drivers
v0x25ef180_0 .alias "c_out", 0 0, v0x25f41a0_0;
v0x25ef230_0 .net "carry1", 0 0, L_0x25fa970; 1 drivers
v0x25ef2e0_0 .net "carry2", 0 0, L_0x25fac30; 1 drivers
v0x25ef360_0 .alias "g", 0 0, v0x25f45b0_0;
v0x25ef3e0_0 .alias "p", 0 0, v0x25f46e0_0;
v0x25ef460_0 .net "sum", 0 0, L_0x25faa60; 1 drivers
v0x25ef510_0 .net "sum_par", 0 0, L_0x25fa910; 1 drivers
S_0x25eebc0 .scope module, "ha1" "ha_vr" 4 19, 4 27, S_0x25ee7e0;
 .timescale -9 -11;
L_0x25fa910/d .functor XOR 1, L_0x25fb060, L_0x25fb100, C4<0>, C4<0>;
L_0x25fa910 .delay (100,100,100) L_0x25fa910/d;
L_0x25fa970/d .functor AND 1, L_0x25fb060, L_0x25fb100, C4<1>, C4<1>;
L_0x25fa970 .delay (100,100,100) L_0x25fa970/d;
v0x25eecb0_0 .alias "a", 0 0, v0x25eef70_0;
v0x25eed50_0 .alias "b", 0 0, v0x25ef020_0;
v0x25eedf0_0 .alias "carry", 0 0, v0x25ef230_0;
v0x25eee90_0 .alias "sum", 0 0, v0x25ef510_0;
S_0x25ee8d0 .scope module, "ha2" "ha_vr" 4 20, 4 27, S_0x25ee7e0;
 .timescale -9 -11;
L_0x25faa60/d .functor XOR 1, L_0x25fb1a0, L_0x25fa910, C4<0>, C4<0>;
L_0x25faa60 .delay (100,100,100) L_0x25faa60/d;
L_0x25fac30/d .functor AND 1, L_0x25fb1a0, L_0x25fa910, C4<1>, C4<1>;
L_0x25fac30 .delay (100,100,100) L_0x25fac30/d;
v0x25ee9c0_0 .alias "a", 0 0, v0x25ef0d0_0;
v0x25eea40_0 .alias "b", 0 0, v0x25ef510_0;
v0x25eeac0_0 .alias "carry", 0 0, v0x25ef2e0_0;
v0x25eeb40_0 .alias "sum", 0 0, v0x25ef460_0;
S_0x25ed920 .scope module, "fa3" "fa_v3" 4 10, 4 15, S_0x25ed830;
 .timescale -9 -11;
L_0x25fb5f0 .functor OR 1, L_0x25fb310, L_0x25fb530, C4<0>, C4<0>;
L_0x25fb6e0 .functor OR 1, L_0x25fb9a0, L_0x25fba40, C4<0>, C4<0>;
L_0x25fb880 .functor AND 1, L_0x25fb9a0, L_0x25fba40, C4<1>, C4<1>;
v0x25ee180_0 .net "a", 0 0, L_0x25fb9a0; 1 drivers
v0x25ee230_0 .net "b", 0 0, L_0x25fba40; 1 drivers
v0x25ee2e0_0 .net "c_in", 0 0, L_0x25fbc00; 1 drivers
v0x25ee390_0 .alias "c_out", 0 0, v0x25f4250_0;
v0x25ee440_0 .net "carry1", 0 0, L_0x25fb310; 1 drivers
v0x25ee4f0_0 .net "carry2", 0 0, L_0x25fb530; 1 drivers
v0x25ee5b0_0 .alias "g", 0 0, v0x25f4660_0;
v0x25ee630_0 .alias "p", 0 0, v0x25f49b0_0;
v0x25ee6b0_0 .net "sum", 0 0, L_0x25fb3b0; 1 drivers
v0x25ee760_0 .net "sum_par", 0 0, L_0x25fb000; 1 drivers
S_0x25eddb0 .scope module, "ha1" "ha_vr" 4 19, 4 27, S_0x25ed920;
 .timescale -9 -11;
L_0x25fb000/d .functor XOR 1, L_0x25fb9a0, L_0x25fba40, C4<0>, C4<0>;
L_0x25fb000 .delay (100,100,100) L_0x25fb000/d;
L_0x25fb310/d .functor AND 1, L_0x25fb9a0, L_0x25fba40, C4<1>, C4<1>;
L_0x25fb310 .delay (100,100,100) L_0x25fb310/d;
v0x25edea0_0 .alias "a", 0 0, v0x25ee180_0;
v0x25edf60_0 .alias "b", 0 0, v0x25ee230_0;
v0x25ee000_0 .alias "carry", 0 0, v0x25ee440_0;
v0x25ee0a0_0 .alias "sum", 0 0, v0x25ee760_0;
S_0x25eda10 .scope module, "ha2" "ha_vr" 4 20, 4 27, S_0x25ed920;
 .timescale -9 -11;
L_0x25fb3b0/d .functor XOR 1, L_0x25fbc00, L_0x25fb000, C4<0>, C4<0>;
L_0x25fb3b0 .delay (100,100,100) L_0x25fb3b0/d;
L_0x25fb530/d .functor AND 1, L_0x25fbc00, L_0x25fb000, C4<1>, C4<1>;
L_0x25fb530 .delay (100,100,100) L_0x25fb530/d;
v0x25edb00_0 .alias "a", 0 0, v0x25ee2e0_0;
v0x25edbc0_0 .alias "b", 0 0, v0x25ee760_0;
v0x25edc60_0 .alias "carry", 0 0, v0x25ee4f0_0;
v0x25edd00_0 .alias "sum", 0 0, v0x25ee6b0_0;
S_0x25ec1c0 .scope module, "A" "regA" 3 18, 5 1, S_0x25c1890;
 .timescale -9 -11;
v0x25ed540_0 .alias "CargaA", 0 0, v0x25f4ad0_0;
v0x25ed5e0_0 .alias "ResetA", 0 0, v0x25f4e30_0;
v0x25ed660_0 .alias "clk", 0 0, v0x25f50d0_0;
v0x25ed6e0_0 .alias "entA", 3 0, v0x25f4d60_0;
v0x25ed790_0 .alias "q", 3 0, v0x25f4eb0_0;
L_0x25fbf80 .part RS_0x7feb950509d8, 0, 1;
L_0x25fc020 .part/pv v0x25ed380_0, 0, 1, 4;
L_0x25fc1d0 .part RS_0x7feb950509d8, 1, 1;
L_0x25fc380 .part/pv v0x25ecea0_0, 1, 1, 4;
L_0x25fc420 .part RS_0x7feb950509d8, 2, 1;
L_0x25fc4c0 .part/pv v0x25eca00_0, 2, 1, 4;
L_0x25fc560 .part RS_0x7feb950509d8, 3, 1;
L_0x25fc600 .part/pv v0x25ec570_0, 3, 1, 4;
S_0x25ecfa0 .scope module, "ffa0" "ffdc" 5 4, 6 1, S_0x25ec1c0;
 .timescale -9 -11;
P_0x25ed098 .param/l "retardo" 6 1, +C4<01>;
v0x25ed150_0 .alias "carga", 0 0, v0x25f4ad0_0;
v0x25ed260_0 .alias "clk", 0 0, v0x25f50d0_0;
v0x25ed2e0_0 .net "d", 0 0, L_0x25fbf80; 1 drivers
v0x25ed380_0 .var "q", 0 0;
v0x25ed430_0 .alias "reset", 0 0, v0x25f4e30_0;
S_0x25ecb50 .scope module, "ffa1" "ffdc" 5 5, 6 1, S_0x25ec1c0;
 .timescale -9 -11;
P_0x25ecc48 .param/l "retardo" 6 1, +C4<01>;
v0x25ecd00_0 .alias "carga", 0 0, v0x25f4ad0_0;
v0x25ecd80_0 .alias "clk", 0 0, v0x25f50d0_0;
v0x25ece00_0 .net "d", 0 0, L_0x25fc1d0; 1 drivers
v0x25ecea0_0 .var "q", 0 0;
v0x25ecf20_0 .alias "reset", 0 0, v0x25f4e30_0;
S_0x25ec6d0 .scope module, "ffa2" "ffdc" 5 6, 6 1, S_0x25ec1c0;
 .timescale -9 -11;
P_0x25ec7c8 .param/l "retardo" 6 1, +C4<01>;
v0x25ec860_0 .alias "carga", 0 0, v0x25f4ad0_0;
v0x25ec8e0_0 .alias "clk", 0 0, v0x25f50d0_0;
v0x25ec960_0 .net "d", 0 0, L_0x25fc420; 1 drivers
v0x25eca00_0 .var "q", 0 0;
v0x25eca80_0 .alias "reset", 0 0, v0x25f4e30_0;
S_0x25ec2b0 .scope module, "ffa3" "ffdc" 5 7, 6 1, S_0x25ec1c0;
 .timescale -9 -11;
P_0x25eb938 .param/l "retardo" 6 1, +C4<01>;
v0x25ebf90_0 .alias "carga", 0 0, v0x25f4ad0_0;
v0x25ec470_0 .alias "clk", 0 0, v0x25f50d0_0;
v0x25ec4f0_0 .net "d", 0 0, L_0x25fc560; 1 drivers
v0x25ec570_0 .var "q", 0 0;
v0x25ec620_0 .alias "reset", 0 0, v0x25f4e30_0;
E_0x25eb800 .event posedge, v0x25eb830_0, v0x25e8090_0;
S_0x25ead60 .scope module, "uc0" "uc_cableada" 3 19, 7 2, S_0x25c1890;
 .timescale -9 -11;
L_0x25fa5d0 .functor OR 1, L_0x25fc880, L_0x25fc920, C4<0>, C4<0>;
L_0x25fccb0 .functor OR 1, L_0x25fca60, L_0x25fcc10, C4<0>, C4<0>;
L_0x25fce00 .functor OR 1, L_0x25fccb0, L_0x25fcd60, C4<0>, C4<0>;
L_0x25fcf00 .functor AND 1, L_0x25fd0a0, L_0x25fce00, C4<1>, C4<1>;
v0x25eb5d0_0 .alias "CargaA", 0 0, v0x25f4ad0_0;
v0x25eb650_0 .alias "CargaQ", 0 0, v0x25f4b50_0;
v0x25eb6d0_0 .alias "DesplazaQ", 0 0, v0x25f4ce0_0;
v0x25eb780_0 .alias "Fin", 0 0, v0x25f5350_0;
v0x25eb830_0 .alias "ResetA", 0 0, v0x25f4e30_0;
v0x25eb8b0_0 .net *"_s11", 0 0, L_0x25fca60; 1 drivers
v0x25eb970_0 .net *"_s13", 0 0, L_0x25fcc10; 1 drivers
v0x25eba10_0 .net *"_s14", 0 0, L_0x25fccb0; 1 drivers
v0x25ebab0_0 .net *"_s17", 0 0, L_0x25fcd60; 1 drivers
v0x25ebb50_0 .net *"_s18", 0 0, L_0x25fce00; 1 drivers
v0x25ebc50_0 .net *"_s3", 0 0, L_0x25fc880; 1 drivers
v0x25ebcf0_0 .net *"_s5", 0 0, L_0x25fc920; 1 drivers
v0x25ebe00_0 .alias "clk", 0 0, v0x25f50d0_0;
v0x25ea240_0 .net "q0", 0 0, L_0x25fd0a0; 1 drivers
v0x25ec030_0 .net "salida", 7 0, L_0x25fc740; 1 drivers
v0x25ec0b0_0 .alias "start", 0 0, v0x25f51d0_0;
L_0x25fc7e0 .part L_0x25fc740, 0, 1;
L_0x25fc880 .part L_0x25fc740, 2, 1;
L_0x25fc920 .part L_0x25fc740, 4, 1;
L_0x25fc9c0 .part L_0x25fc740, 0, 1;
L_0x25fca60 .part L_0x25fc740, 1, 1;
L_0x25fcc10 .part L_0x25fc740, 3, 1;
L_0x25fcd60 .part L_0x25fc740, 5, 1;
L_0x25fcfb0 .part L_0x25fc740, 6, 1;
S_0x25eae50 .scope module, "gt" "generador" 7 6, 8 2, S_0x25ead60;
 .timescale -9 -11;
v0x25eb300_0 .alias "clk", 0 0, v0x25f50d0_0;
v0x25eb3a0_0 .alias "reset", 0 0, v0x25f51d0_0;
v0x25eb440_0 .alias "salida", 7 0, v0x25ec030_0;
v0x25eb4f0_0 .var "tiempo", 2 0;
E_0x25eabb0 .event posedge, v0x25eb3a0_0, v0x25e8090_0;
S_0x25eaf60 .scope module, "dc" "decodificador" 8 12, 9 1, S_0x25eae50;
 .timescale -9 -11;
v0x25eb050_0 .net/s *"_s0", 31 0, C4<00000000000000000000000000000001>; 1 drivers
v0x25eb110_0 .net *"_s2", 31 0, L_0x25fc6a0; 1 drivers
v0x25eb1b0_0 .alias "salida", 7 0, v0x25ec030_0;
v0x25eb250_0 .net "tiempo", 2 0, v0x25eb4f0_0; 1 drivers
L_0x25fc6a0 .shift/l 32, C4<00000000000000000000000000000001>, v0x25eb4f0_0;
L_0x25fc740 .part L_0x25fc6a0, 0, 8;
S_0x25cdf70 .scope module, "Q" "regQ" 3 20, 10 1, S_0x25c1890;
 .timescale -9 -11;
L_0x25fd1e0 .functor OR 1, L_0x25fc7e0, L_0x25fa5d0, C4<0>, C4<0>;
v0x25ea9b0_0 .alias "CargaQ", 0 0, v0x25f4b50_0;
v0x25eaa30_0 .alias "DesplazaQ", 0 0, v0x25f4ce0_0;
v0x25eaab0_0 .alias "clk", 0 0, v0x25f50d0_0;
v0x25eab30_0 .net "enable", 0 0, L_0x25fd1e0; 1 drivers
v0x25eabe0_0 .alias "entQ", 2 0, v0x25f5050_0;
v0x25eac60_0 .alias "q", 2 0, v0x25f4f80_0;
v0x25eace0_0 .net "reset", 0 0, C4<0>; 1 drivers
L_0x25fd590 .part v0x25f54a0_0, 0, 1;
L_0x25fd630 .part RS_0x7feb95050528, 1, 1;
L_0x25fd6d0 .part/pv v0x25ea350_0, 0, 1, 3;
L_0x25fdb10 .part v0x25f54a0_0, 1, 1;
L_0x25fdc40 .part RS_0x7feb95050528, 2, 1;
L_0x25fdce0 .part/pv v0x25e92a0_0, 1, 1, 3;
L_0x25fe1a0 .part v0x25f54a0_0, 2, 1;
L_0x25fe280 .part/pv v0x25e81e0_0, 2, 1, 3;
S_0x25e98d0 .scope module, "ff0" "cdaff" 10 7, 10 13, S_0x25cdf70;
 .timescale -9 -11;
v0x25ea510_0 .alias "carga", 0 0, v0x25eab30_0;
v0x25ea590_0 .alias "clk", 0 0, v0x25f50d0_0;
v0x25ea610_0 .net "inp", 0 0, L_0x25fd490; 1 drivers
v0x25ea690_0 .net "inp_c", 0 0, L_0x25fd590; 1 drivers
v0x25ea740_0 .net "inp_d", 0 0, L_0x25fd630; 1 drivers
v0x25ea7f0_0 .net "q", 0 0, v0x25ea350_0; 1 drivers
v0x25ea8b0_0 .alias "reset", 0 0, v0x25eace0_0;
v0x25ea930_0 .alias "selc_d", 0 0, v0x25f4b50_0;
S_0x25e9f00 .scope module, "ff0" "ffdc" 10 15, 6 1, S_0x25e98d0;
 .timescale -9 -11;
P_0x25e9ff8 .param/l "retardo" 6 1, +C4<01>;
v0x25ea0b0_0 .alias "carga", 0 0, v0x25eab30_0;
v0x25ea1c0_0 .alias "clk", 0 0, v0x25f50d0_0;
v0x25ea2d0_0 .alias "d", 0 0, v0x25ea610_0;
v0x25ea350_0 .var "q", 0 0;
v0x25ea400_0 .alias "reset", 0 0, v0x25eace0_0;
S_0x25e99c0 .scope module, "mux0" "mux2_1_i1" 10 16, 10 20, S_0x25e98d0;
 .timescale -9 -11;
L_0x25fd2d0 .functor NOT 1, L_0x25fc7e0, C4<0>, C4<0>, C4<0>;
L_0x25fd330 .functor AND 1, L_0x25fd630, L_0x25fd2d0, C4<1>, C4<1>;
L_0x25fd3e0 .functor AND 1, L_0x25fd590, L_0x25fc7e0, C4<1>, C4<1>;
L_0x25fd490 .functor OR 1, L_0x25fd330, L_0x25fd3e0, C4<0>, C4<0>;
v0x25e9ab0_0 .alias "a", 0 0, v0x25ea740_0;
v0x25e9b30_0 .alias "b", 0 0, v0x25ea690_0;
v0x25e9bb0_0 .alias "out", 0 0, v0x25ea610_0;
v0x25e9c30_0 .alias "s", 0 0, v0x25f4b50_0;
v0x25e9d40_0 .net "s_n", 0 0, L_0x25fd2d0; 1 drivers
v0x25e9dc0_0 .net "sa", 0 0, L_0x25fd330; 1 drivers
v0x25e9e60_0 .net "sb", 0 0, L_0x25fd3e0; 1 drivers
S_0x25e8930 .scope module, "ff1" "cdaff" 10 8, 10 13, S_0x25cdf70;
 .timescale -9 -11;
v0x25e93f0_0 .alias "carga", 0 0, v0x25eab30_0;
v0x25e9470_0 .alias "clk", 0 0, v0x25f50d0_0;
v0x25e94f0_0 .net "inp", 0 0, L_0x25fda10; 1 drivers
v0x25e95c0_0 .net "inp_c", 0 0, L_0x25fdb10; 1 drivers
v0x25e9640_0 .net "inp_d", 0 0, L_0x25fdc40; 1 drivers
v0x25e96c0_0 .net "q", 0 0, v0x25e92a0_0; 1 drivers
v0x25e9780_0 .alias "reset", 0 0, v0x25eace0_0;
v0x25e9800_0 .alias "selc_d", 0 0, v0x25f4b50_0;
S_0x25e8f10 .scope module, "ff0" "ffdc" 10 15, 6 1, S_0x25e8930;
 .timescale -9 -11;
P_0x25e9008 .param/l "retardo" 6 1, +C4<01>;
v0x25e9080_0 .alias "carga", 0 0, v0x25eab30_0;
v0x25e9150_0 .alias "clk", 0 0, v0x25f50d0_0;
v0x25e9220_0 .alias "d", 0 0, v0x25e94f0_0;
v0x25e92a0_0 .var "q", 0 0;
v0x25e9320_0 .alias "reset", 0 0, v0x25eace0_0;
S_0x25e8a20 .scope module, "mux0" "mux2_1_i1" 10 16, 10 20, S_0x25e8930;
 .timescale -9 -11;
L_0x25fd800 .functor NOT 1, L_0x25fc7e0, C4<0>, C4<0>, C4<0>;
L_0x25fd860 .functor AND 1, L_0x25fdc40, L_0x25fd800, C4<1>, C4<1>;
L_0x25fd960 .functor AND 1, L_0x25fdb10, L_0x25fc7e0, C4<1>, C4<1>;
L_0x25fda10 .functor OR 1, L_0x25fd860, L_0x25fd960, C4<0>, C4<0>;
v0x25e8b10_0 .alias "a", 0 0, v0x25e9640_0;
v0x25e8b90_0 .alias "b", 0 0, v0x25e95c0_0;
v0x25e8c10_0 .alias "out", 0 0, v0x25e94f0_0;
v0x25e8c90_0 .alias "s", 0 0, v0x25f4b50_0;
v0x25e8d90_0 .net "s_n", 0 0, L_0x25fd800; 1 drivers
v0x25e8e10_0 .net "sa", 0 0, L_0x25fd860; 1 drivers
v0x25e8e90_0 .net "sb", 0 0, L_0x25fd960; 1 drivers
S_0x25c9dc0 .scope module, "ff2" "cdaff" 10 9, 10 13, S_0x25cdf70;
 .timescale -9 -11;
v0x25e8310_0 .alias "carga", 0 0, v0x25eab30_0;
v0x25e83e0_0 .alias "clk", 0 0, v0x25f50d0_0;
v0x25e8490_0 .net "inp", 0 0, L_0x25f4bd0; 1 drivers
v0x25e8560_0 .net "inp_c", 0 0, L_0x25fe1a0; 1 drivers
v0x25e8610_0 .net "inp_d", 0 0, C4<0>; 1 drivers
v0x25e86c0_0 .net "q", 0 0, v0x25e81e0_0; 1 drivers
v0x25e8780_0 .alias "reset", 0 0, v0x25eace0_0;
v0x25e8830_0 .alias "selc_d", 0 0, v0x25f4b50_0;
S_0x25e7e00 .scope module, "ff0" "ffdc" 10 15, 6 1, S_0x25c9dc0;
 .timescale -9 -11;
P_0x25e7ef8 .param/l "retardo" 6 1, +C4<01>;
v0x25e7fd0_0 .alias "carga", 0 0, v0x25eab30_0;
v0x25e8090_0 .alias "clk", 0 0, v0x25f50d0_0;
v0x25e8130_0 .alias "d", 0 0, v0x25e8490_0;
v0x25e81e0_0 .var "q", 0 0;
v0x25e8290_0 .alias "reset", 0 0, v0x25eace0_0;
E_0x25e7bb0 .event posedge, v0x25e8290_0, v0x25e8090_0;
S_0x25c2b90 .scope module, "mux0" "mux2_1_i1" 10 16, 10 20, S_0x25c9dc0;
 .timescale -9 -11;
L_0x25fdd80 .functor NOT 1, L_0x25fc7e0, C4<0>, C4<0>, C4<0>;
L_0x25fdde0 .functor AND 1, C4<0>, L_0x25fdd80, C4<1>, C4<1>;
L_0x25fdee0 .functor AND 1, L_0x25fe1a0, L_0x25fc7e0, C4<1>, C4<1>;
L_0x25f4bd0 .functor OR 1, L_0x25fdde0, L_0x25fdee0, C4<0>, C4<0>;
v0x2597690_0 .alias "a", 0 0, v0x25e8610_0;
v0x25e79f0_0 .alias "b", 0 0, v0x25e8560_0;
v0x25e7a90_0 .alias "out", 0 0, v0x25e8490_0;
v0x25e7b30_0 .alias "s", 0 0, v0x25f4b50_0;
v0x25e7be0_0 .net "s_n", 0 0, L_0x25fdd80; 1 drivers
v0x25e7c80_0 .net "sa", 0 0, L_0x25fdde0; 1 drivers
v0x25e7d60_0 .net "sb", 0 0, L_0x25fdee0; 1 drivers
    .scope S_0x25ecfa0;
T_0 ;
    %wait E_0x25eb800;
    %load/v 8, v0x25ed430_0, 1;
    %jmp/0xz  T_0.0, 8;
    %ix/load 0, 1, 0;
    %assign/v0 v0x25ed380_0, 100, 0;
    %jmp T_0.1;
T_0.0 ;
    %load/v 8, v0x25ed150_0, 1;
    %jmp/0xz  T_0.2, 8;
    %load/v 8, v0x25ed2e0_0, 1;
    %ix/load 0, 1, 0;
    %assign/v0 v0x25ed380_0, 100, 8;
T_0.2 ;
T_0.1 ;
    %jmp T_0;
    .thread T_0;
    .scope S_0x25ecb50;
T_1 ;
    %wait E_0x25eb800;
    %load/v 8, v0x25ecf20_0, 1;
    %jmp/0xz  T_1.0, 8;
    %ix/load 0, 1, 0;
    %assign/v0 v0x25ecea0_0, 100, 0;
    %jmp T_1.1;
T_1.0 ;
    %load/v 8, v0x25ecd00_0, 1;
    %jmp/0xz  T_1.2, 8;
    %load/v 8, v0x25ece00_0, 1;
    %ix/load 0, 1, 0;
    %assign/v0 v0x25ecea0_0, 100, 8;
T_1.2 ;
T_1.1 ;
    %jmp T_1;
    .thread T_1;
    .scope S_0x25ec6d0;
T_2 ;
    %wait E_0x25eb800;
    %load/v 8, v0x25eca80_0, 1;
    %jmp/0xz  T_2.0, 8;
    %ix/load 0, 1, 0;
    %assign/v0 v0x25eca00_0, 100, 0;
    %jmp T_2.1;
T_2.0 ;
    %load/v 8, v0x25ec860_0, 1;
    %jmp/0xz  T_2.2, 8;
    %load/v 8, v0x25ec960_0, 1;
    %ix/load 0, 1, 0;
    %assign/v0 v0x25eca00_0, 100, 8;
T_2.2 ;
T_2.1 ;
    %jmp T_2;
    .thread T_2;
    .scope S_0x25ec2b0;
T_3 ;
    %wait E_0x25eb800;
    %load/v 8, v0x25ec620_0, 1;
    %jmp/0xz  T_3.0, 8;
    %ix/load 0, 1, 0;
    %assign/v0 v0x25ec570_0, 100, 0;
    %jmp T_3.1;
T_3.0 ;
    %load/v 8, v0x25ebf90_0, 1;
    %jmp/0xz  T_3.2, 8;
    %load/v 8, v0x25ec4f0_0, 1;
    %ix/load 0, 1, 0;
    %assign/v0 v0x25ec570_0, 100, 8;
T_3.2 ;
T_3.1 ;
    %jmp T_3;
    .thread T_3;
    .scope S_0x25eae50;
T_4 ;
    %wait E_0x25eabb0;
    %load/v 8, v0x25eb3a0_0, 1;
    %jmp/0xz  T_4.0, 8;
    %ix/load 0, 3, 0;
    %assign/v0 v0x25eb4f0_0, 0, 0;
    %jmp T_4.1;
T_4.0 ;
    %load/v 8, v0x25eb4f0_0, 3;
    %mov 11, 0, 29;
    %addi 8, 1, 32;
    %ix/load 0, 3, 0;
    %assign/v0 v0x25eb4f0_0, 0, 8;
T_4.1 ;
    %jmp T_4;
    .thread T_4;
    .scope S_0x25e9f00;
T_5 ;
    %wait E_0x25e7bb0;
    %load/v 8, v0x25ea400_0, 1;
    %jmp/0xz  T_5.0, 8;
    %ix/load 0, 1, 0;
    %assign/v0 v0x25ea350_0, 100, 0;
    %jmp T_5.1;
T_5.0 ;
    %load/v 8, v0x25ea0b0_0, 1;
    %jmp/0xz  T_5.2, 8;
    %load/v 8, v0x25ea2d0_0, 1;
    %ix/load 0, 1, 0;
    %assign/v0 v0x25ea350_0, 100, 8;
T_5.2 ;
T_5.1 ;
    %jmp T_5;
    .thread T_5;
    .scope S_0x25e8f10;
T_6 ;
    %wait E_0x25e7bb0;
    %load/v 8, v0x25e9320_0, 1;
    %jmp/0xz  T_6.0, 8;
    %ix/load 0, 1, 0;
    %assign/v0 v0x25e92a0_0, 100, 0;
    %jmp T_6.1;
T_6.0 ;
    %load/v 8, v0x25e9080_0, 1;
    %jmp/0xz  T_6.2, 8;
    %load/v 8, v0x25e9220_0, 1;
    %ix/load 0, 1, 0;
    %assign/v0 v0x25e92a0_0, 100, 8;
T_6.2 ;
T_6.1 ;
    %jmp T_6;
    .thread T_6;
    .scope S_0x25e7e00;
T_7 ;
    %wait E_0x25e7bb0;
    %load/v 8, v0x25e8290_0, 1;
    %jmp/0xz  T_7.0, 8;
    %ix/load 0, 1, 0;
    %assign/v0 v0x25e81e0_0, 100, 0;
    %jmp T_7.1;
T_7.0 ;
    %load/v 8, v0x25e7fd0_0, 1;
    %jmp/0xz  T_7.2, 8;
    %load/v 8, v0x25e8130_0, 1;
    %ix/load 0, 1, 0;
    %assign/v0 v0x25e81e0_0, 100, 8;
T_7.2 ;
T_7.1 ;
    %jmp T_7;
    .thread T_7;
    .scope S_0x25c9ff0;
T_8 ;
    %set/v v0x25f5250_0, 1, 1;
    %delay 2000, 0;
    %set/v v0x25f5250_0, 0, 1;
    %delay 5000, 0;
    %jmp T_8;
    .thread T_8;
    .scope S_0x25c9ff0;
T_9 ;
    %vpi_call 2 26 "$monitor", "tiempo=%0d Valor=%b start=%b clk=%b Cuenta=%b fin=%b", $time, v0x25f54a0_0, v0x25f5420_0, v0x25f5250_0, v0x25f52d0_0, v0x25f5350_0;
    %vpi_call 2 27 "$dumpfile", "ejecutable.vcd";
    %vpi_call 2 28 "$dumpvars";
    %set/v v0x25f5420_0, 1, 1;
    %delay 500, 0;
    %set/v v0x25f5420_0, 0, 1;
    %delay 500, 0;
    %set/v v0x25f54a0_0, 1, 3;
    %delay 45000, 0;
    %vpi_call 2 38 "$finish";
    %end;
    .thread T_9;
# The file index is used to find the file name in the following table.
:file_names 11;
    "N/A";
    "<interactive>";
    "cuenta1_cableada_tb.v";
    "cuenta1_cableada.v";
    "./sum4.v";
    "./regA.v";
    "./ffdc.v";
    "./uc_cableada.v";
    "./gt.v";
    "./dc.v";
    "./regQ.v";
